2020-12-04 01:36:48.467 [http-nio-8082-exec-5] ERROR
                com.forward.handler.GlobalExceptionHandler - Request method 'GET' not supported
2020-12-04 01:36:54.214 [http-nio-8082-exec-8] ERROR
                com.forward.handler.GlobalExceptionHandler - Required request body is missing: public com.forward.response.Result com.forward.system.controller.UserController.findUserPage(java.lang.Integer,java.lang.Integer,com.forward.system.vo.UserVo)
2020-12-04 01:37:45.144 [http-nio-8082-exec-2] ERROR
                com.forward.handler.GlobalExceptionHandler - Required request body is missing: public com.forward.response.Result com.forward.system.controller.UserController.findUserPage(java.lang.Integer,java.lang.Integer,com.forward.system.vo.UserVo)
2020-12-04 01:38:10.707 [http-nio-8082-exec-7] ERROR
                com.forward.handler.GlobalExceptionHandler - Required request body is missing: public com.forward.response.Result com.forward.system.controller.UserController.findUserPage(java.lang.Integer,java.lang.Integer,com.forward.system.vo.UserVo)
2020-12-04 01:55:36.612 [http-nio-8082-exec-3] ERROR
                com.forward.handler.GlobalExceptionHandler - nested exception is org.apache.ibatis.exceptions.PersistenceException: 
### Error querying database.  Cause: com.baomidou.mybatisplus.core.exceptions.MybatisPlusException: Error: Method queryTotal execution error of sql : 
 SELECT COUNT(1) FROM tb_user u INNER JOIN tb_department d ON u.department_id = d.id WHERE (nikename = ?) 

### The error may exist in file [D:\IntellijIDEA\WorkSpaces\SpringCloudCodes\Codes\xinguan-parent\xinguan-base-web\target\classes\mapper\UserMapper.xml]
### The error may involve defaultParameterMap
### The error occurred while setting parameters
### Cause: com.baomidou.mybatisplus.core.exceptions.MybatisPlusException: Error: Method queryTotal execution error of sql : 
 SELECT COUNT(1) FROM tb_user u INNER JOIN tb_department d ON u.department_id = d.id WHERE (nikename = ?) 

2020-12-04 01:55:44.680 [http-nio-8082-exec-4] ERROR
                com.forward.handler.GlobalExceptionHandler - nested exception is org.apache.ibatis.exceptions.PersistenceException: 
### Error querying database.  Cause: com.baomidou.mybatisplus.core.exceptions.MybatisPlusException: Error: Method queryTotal execution error of sql : 
 SELECT COUNT(1) FROM tb_user u INNER JOIN tb_department d ON u.department_id = d.id WHERE (nikename = ?) 

### The error may exist in file [D:\IntellijIDEA\WorkSpaces\SpringCloudCodes\Codes\xinguan-parent\xinguan-base-web\target\classes\mapper\UserMapper.xml]
### The error may involve defaultParameterMap
### The error occurred while setting parameters
### Cause: com.baomidou.mybatisplus.core.exceptions.MybatisPlusException: Error: Method queryTotal execution error of sql : 
 SELECT COUNT(1) FROM tb_user u INNER JOIN tb_department d ON u.department_id = d.id WHERE (nikename = ?) 

2020-12-04 01:55:45.303 [http-nio-8082-exec-5] ERROR
                com.forward.handler.GlobalExceptionHandler - nested exception is org.apache.ibatis.exceptions.PersistenceException: 
### Error querying database.  Cause: com.baomidou.mybatisplus.core.exceptions.MybatisPlusException: Error: Method queryTotal execution error of sql : 
 SELECT COUNT(1) FROM tb_user u INNER JOIN tb_department d ON u.department_id = d.id WHERE (nikename = ?) 

### The error may exist in file [D:\IntellijIDEA\WorkSpaces\SpringCloudCodes\Codes\xinguan-parent\xinguan-base-web\target\classes\mapper\UserMapper.xml]
### The error may involve defaultParameterMap
### The error occurred while setting parameters
### Cause: com.baomidou.mybatisplus.core.exceptions.MybatisPlusException: Error: Method queryTotal execution error of sql : 
 SELECT COUNT(1) FROM tb_user u INNER JOIN tb_department d ON u.department_id = d.id WHERE (nikename = ?) 

2020-12-04 01:55:45.579 [http-nio-8082-exec-6] ERROR
                com.forward.handler.GlobalExceptionHandler - nested exception is org.apache.ibatis.exceptions.PersistenceException: 
### Error querying database.  Cause: com.baomidou.mybatisplus.core.exceptions.MybatisPlusException: Error: Method queryTotal execution error of sql : 
 SELECT COUNT(1) FROM tb_user u INNER JOIN tb_department d ON u.department_id = d.id WHERE (nikename = ?) 

### The error may exist in file [D:\IntellijIDEA\WorkSpaces\SpringCloudCodes\Codes\xinguan-parent\xinguan-base-web\target\classes\mapper\UserMapper.xml]
### The error may involve defaultParameterMap
### The error occurred while setting parameters
### Cause: com.baomidou.mybatisplus.core.exceptions.MybatisPlusException: Error: Method queryTotal execution error of sql : 
 SELECT COUNT(1) FROM tb_user u INNER JOIN tb_department d ON u.department_id = d.id WHERE (nikename = ?) 

2020-12-04 01:55:45.947 [http-nio-8082-exec-7] ERROR
                com.forward.handler.GlobalExceptionHandler - nested exception is org.apache.ibatis.exceptions.PersistenceException: 
### Error querying database.  Cause: com.baomidou.mybatisplus.core.exceptions.MybatisPlusException: Error: Method queryTotal execution error of sql : 
 SELECT COUNT(1) FROM tb_user u INNER JOIN tb_department d ON u.department_id = d.id WHERE (nikename = ?) 

### The error may exist in file [D:\IntellijIDEA\WorkSpaces\SpringCloudCodes\Codes\xinguan-parent\xinguan-base-web\target\classes\mapper\UserMapper.xml]
### The error may involve defaultParameterMap
### The error occurred while setting parameters
### Cause: com.baomidou.mybatisplus.core.exceptions.MybatisPlusException: Error: Method queryTotal execution error of sql : 
 SELECT COUNT(1) FROM tb_user u INNER JOIN tb_department d ON u.department_id = d.id WHERE (nikename = ?) 

2020-12-04 01:59:46.375 [http-nio-8082-exec-7] ERROR
                com.forward.handler.GlobalExceptionHandler - nested exception is org.apache.ibatis.exceptions.PersistenceException: 
### Error querying database.  Cause: com.baomidou.mybatisplus.core.exceptions.MybatisPlusException: Error: Method queryTotal execution error of sql : 
 SELECT COUNT(1) FROM tb_user u INNER JOIN tb_department d ON u.department_id = d.id WHERE (nikename = ? AND sex = ?) 

### The error may exist in file [D:\IntellijIDEA\WorkSpaces\SpringCloudCodes\Codes\xinguan-parent\xinguan-base-web\target\classes\mapper\UserMapper.xml]
### The error may involve defaultParameterMap
### The error occurred while setting parameters
### Cause: com.baomidou.mybatisplus.core.exceptions.MybatisPlusException: Error: Method queryTotal execution error of sql : 
 SELECT COUNT(1) FROM tb_user u INNER JOIN tb_department d ON u.department_id = d.id WHERE (nikename = ? AND sex = ?) 

2020-12-04 01:59:54.999 [http-nio-8082-exec-9] ERROR
                com.forward.handler.GlobalExceptionHandler - nested exception is org.apache.ibatis.exceptions.PersistenceException: 
### Error querying database.  Cause: com.baomidou.mybatisplus.core.exceptions.MybatisPlusException: Error: Method queryTotal execution error of sql : 
 SELECT COUNT(1) FROM tb_user u INNER JOIN tb_department d ON u.department_id = d.id WHERE (nikename = ?) 

### The error may exist in file [D:\IntellijIDEA\WorkSpaces\SpringCloudCodes\Codes\xinguan-parent\xinguan-base-web\target\classes\mapper\UserMapper.xml]
### The error may involve defaultParameterMap
### The error occurred while setting parameters
### Cause: com.baomidou.mybatisplus.core.exceptions.MybatisPlusException: Error: Method queryTotal execution error of sql : 
 SELECT COUNT(1) FROM tb_user u INNER JOIN tb_department d ON u.department_id = d.id WHERE (nikename = ?) 

2020-12-04 02:00:47.584 [http-nio-8082-exec-4] ERROR
                com.forward.handler.GlobalExceptionHandler - nested exception is org.apache.ibatis.exceptions.PersistenceException: 
### Error querying database.  Cause: com.baomidou.mybatisplus.core.exceptions.MybatisPlusException: Error: Method queryTotal execution error of sql : 
 SELECT COUNT(1) FROM tb_user u INNER JOIN tb_department d ON u.department_id = d.id WHERE (nikename = ?) 

### The error may exist in file [D:\IntellijIDEA\WorkSpaces\SpringCloudCodes\Codes\xinguan-parent\xinguan-base-web\target\classes\mapper\UserMapper.xml]
### The error may involve defaultParameterMap
### The error occurred while setting parameters
### Cause: com.baomidou.mybatisplus.core.exceptions.MybatisPlusException: Error: Method queryTotal execution error of sql : 
 SELECT COUNT(1) FROM tb_user u INNER JOIN tb_department d ON u.department_id = d.id WHERE (nikename = ?) 

2020-12-04 02:00:51.276 [http-nio-8082-exec-6] ERROR
                com.forward.handler.GlobalExceptionHandler - nested exception is org.apache.ibatis.exceptions.PersistenceException: 
### Error querying database.  Cause: com.baomidou.mybatisplus.core.exceptions.MybatisPlusException: Error: Method queryTotal execution error of sql : 
 SELECT COUNT(1) FROM tb_user u INNER JOIN tb_department d ON u.department_id = d.id WHERE (nikename = ?) 

### The error may exist in file [D:\IntellijIDEA\WorkSpaces\SpringCloudCodes\Codes\xinguan-parent\xinguan-base-web\target\classes\mapper\UserMapper.xml]
### The error may involve defaultParameterMap
### The error occurred while setting parameters
### Cause: com.baomidou.mybatisplus.core.exceptions.MybatisPlusException: Error: Method queryTotal execution error of sql : 
 SELECT COUNT(1) FROM tb_user u INNER JOIN tb_department d ON u.department_id = d.id WHERE (nikename = ?) 

