2020-12-12 17:04:37.398 [DEBUG] com.forward.system.mapper.DepartmentMapper.findDeptAndCount - ==>  Preparing: select d.id, d.name, IFNULL( (select count(*) from tb_user u where u.department_id = d.id and u.deleted=0 GROUP BY u.department_id) ,0) as deptCount from tb_department d;
2020-12-12 17:04:37.417 [DEBUG] com.forward.system.mapper.DepartmentMapper.findDeptAndCount - ==> Parameters: 
2020-12-12 17:04:37.420 [DEBUG] com.forward.system.mapper.UserMapper.findUserPage - ==>  Preparing: SELECT COUNT(1) FROM tb_user u INNER JOIN tb_department d ON u.department_id = d.id
2020-12-12 17:04:37.420 [DEBUG] com.forward.system.mapper.UserMapper.findUserPage - ==> Parameters: 
2020-12-12 17:04:37.445 [DEBUG] com.forward.system.mapper.DepartmentMapper.findDeptAndCount - <==      Total: 5
2020-12-12 17:04:37.452 [DEBUG] com.forward.system.mapper.UserMapper.findUserPage - ==>  Preparing: SELECT u.id,u.username,u.nickname,u.email,u.avatar,u.phone_number,u.status, u.create_time,u.modified_time,u.sex,u.salt,u.type,u.password,u.birth, u.department_id,u.deleted,d.name as name from tb_user u INNER JOIN tb_department d on u.department_id = d.id LIMIT ?
2020-12-12 17:04:37.453 [DEBUG] com.forward.system.mapper.UserMapper.findUserPage - ==> Parameters: 6(Long)
2020-12-12 17:04:37.459 [DEBUG] com.forward.system.mapper.UserMapper.findUserPage - <==      Total: 6
2020-12-12 17:04:48.479 [DEBUG] com.forward.system.mapper.UserMapper.selectList - ==>  Preparing: SELECT id,username,nickname,email,avatar,phone_number,status,create_time,modified_time,sex,salt,type,password,birth,department_id,deleted FROM tb_user
2020-12-12 17:04:48.479 [DEBUG] com.forward.system.mapper.UserMapper.selectList - ==> Parameters: 
2020-12-12 17:04:48.495 [DEBUG] com.forward.system.mapper.UserMapper.selectList - <==      Total: 76
2020-12-12 17:08:07.224 [DEBUG] com.forward.system.mapper.DepartmentMapper.findDeptAndCount - ==>  Preparing: select d.id, d.name, IFNULL( (select count(*) from tb_user u where u.department_id = d.id and u.deleted=0 GROUP BY u.department_id) ,0) as deptCount from tb_department d;
2020-12-12 17:08:07.242 [DEBUG] com.forward.system.mapper.DepartmentMapper.findDeptAndCount - ==> Parameters: 
2020-12-12 17:08:07.244 [DEBUG] com.forward.system.mapper.UserMapper.findUserPage - ==>  Preparing: SELECT COUNT(1) FROM tb_user u INNER JOIN tb_department d ON u.department_id = d.id
2020-12-12 17:08:07.245 [DEBUG] com.forward.system.mapper.UserMapper.findUserPage - ==> Parameters: 
2020-12-12 17:08:07.262 [DEBUG] com.forward.system.mapper.DepartmentMapper.findDeptAndCount - <==      Total: 5
2020-12-12 17:08:07.269 [DEBUG] com.forward.system.mapper.UserMapper.findUserPage - ==>  Preparing: SELECT u.id,u.username,u.nickname,u.email,u.avatar,u.phone_number,u.status, u.create_time,u.modified_time,u.sex,u.salt,u.type,u.password,u.birth, u.department_id,u.deleted,d.name as name from tb_user u INNER JOIN tb_department d on u.department_id = d.id LIMIT ?
2020-12-12 17:08:07.270 [DEBUG] com.forward.system.mapper.UserMapper.findUserPage - ==> Parameters: 6(Long)
2020-12-12 17:08:07.277 [DEBUG] com.forward.system.mapper.UserMapper.findUserPage - <==      Total: 6
2020-12-12 17:08:11.579 [DEBUG] com.forward.system.mapper.UserMapper.selectList - ==>  Preparing: SELECT id,username,nickname,email,avatar,phone_number,status,create_time,modified_time,sex,salt,type,password,birth,department_id,deleted FROM tb_user
2020-12-12 17:08:11.579 [DEBUG] com.forward.system.mapper.UserMapper.selectList - ==> Parameters: 
2020-12-12 17:08:11.594 [DEBUG] com.forward.system.mapper.UserMapper.selectList - <==      Total: 76
2020-12-12 17:12:14.542 [DEBUG] com.forward.system.mapper.DepartmentMapper.findDeptAndCount - ==>  Preparing: select d.id, d.name, IFNULL( (select count(*) from tb_user u where u.department_id = d.id and u.deleted=0 GROUP BY u.department_id) ,0) as deptCount from tb_department d;
2020-12-12 17:12:14.560 [DEBUG] com.forward.system.mapper.DepartmentMapper.findDeptAndCount - ==> Parameters: 
2020-12-12 17:12:14.562 [DEBUG] com.forward.system.mapper.UserMapper.findUserPage - ==>  Preparing: SELECT COUNT(1) FROM tb_user u INNER JOIN tb_department d ON u.department_id = d.id
2020-12-12 17:12:14.562 [DEBUG] com.forward.system.mapper.UserMapper.findUserPage - ==> Parameters: 
2020-12-12 17:12:14.579 [DEBUG] com.forward.system.mapper.DepartmentMapper.findDeptAndCount - <==      Total: 5
2020-12-12 17:12:14.585 [DEBUG] com.forward.system.mapper.UserMapper.findUserPage - ==>  Preparing: SELECT u.id,u.username,u.nickname,u.email,u.avatar,u.phone_number,u.status, u.create_time,u.modified_time,u.sex,u.salt,u.type,u.password,u.birth, u.department_id,u.deleted,d.name as name from tb_user u INNER JOIN tb_department d on u.department_id = d.id LIMIT ?
2020-12-12 17:12:14.586 [DEBUG] com.forward.system.mapper.UserMapper.findUserPage - ==> Parameters: 6(Long)
2020-12-12 17:12:14.592 [DEBUG] com.forward.system.mapper.UserMapper.findUserPage - <==      Total: 6
2020-12-12 17:12:21.332 [DEBUG] com.forward.system.mapper.DepartmentMapper.findDeptAndCount - ==>  Preparing: select d.id, d.name, IFNULL( (select count(*) from tb_user u where u.department_id = d.id and u.deleted=0 GROUP BY u.department_id) ,0) as deptCount from tb_department d;
2020-12-12 17:12:21.333 [DEBUG] com.forward.system.mapper.DepartmentMapper.findDeptAndCount - ==> Parameters: 
2020-12-12 17:12:21.337 [DEBUG] com.forward.system.mapper.DepartmentMapper.findDeptAndCount - <==      Total: 5
2020-12-12 17:12:21.343 [DEBUG] com.forward.system.mapper.UserMapper.findUserPage - ==>  Preparing: SELECT COUNT(1) FROM tb_user u INNER JOIN tb_department d ON u.department_id = d.id
2020-12-12 17:12:21.344 [DEBUG] com.forward.system.mapper.UserMapper.findUserPage - ==> Parameters: 
2020-12-12 17:12:21.347 [DEBUG] com.forward.system.mapper.UserMapper.findUserPage - ==>  Preparing: SELECT u.id,u.username,u.nickname,u.email,u.avatar,u.phone_number,u.status, u.create_time,u.modified_time,u.sex,u.salt,u.type,u.password,u.birth, u.department_id,u.deleted,d.name as name from tb_user u INNER JOIN tb_department d on u.department_id = d.id LIMIT ?
2020-12-12 17:12:21.348 [DEBUG] com.forward.system.mapper.UserMapper.findUserPage - ==> Parameters: 6(Long)
2020-12-12 17:12:21.354 [DEBUG] com.forward.system.mapper.UserMapper.findUserPage - <==      Total: 6
2020-12-12 17:12:30.106 [DEBUG] com.forward.system.mapper.UserMapper.selectList - ==>  Preparing: SELECT id,username,nickname,email,avatar,phone_number,status,create_time,modified_time,sex,salt,type,password,birth,department_id,deleted FROM tb_user
2020-12-12 17:12:30.106 [DEBUG] com.forward.system.mapper.UserMapper.selectList - ==> Parameters: 
2020-12-12 17:12:30.121 [DEBUG] com.forward.system.mapper.UserMapper.selectList - <==      Total: 76
2020-12-12 17:14:10.377 [DEBUG] com.forward.system.mapper.DepartmentMapper.findDeptAndCount - ==>  Preparing: select d.id, d.name, IFNULL( (select count(*) from tb_user u where u.department_id = d.id and u.deleted=0 GROUP BY u.department_id) ,0) as deptCount from tb_department d;
2020-12-12 17:14:10.399 [DEBUG] com.forward.system.mapper.DepartmentMapper.findDeptAndCount - ==> Parameters: 
2020-12-12 17:14:10.400 [DEBUG] com.forward.system.mapper.UserMapper.findUserPage - ==>  Preparing: SELECT COUNT(1) FROM tb_user u INNER JOIN tb_department d ON u.department_id = d.id
2020-12-12 17:14:10.401 [DEBUG] com.forward.system.mapper.UserMapper.findUserPage - ==> Parameters: 
2020-12-12 17:14:10.423 [DEBUG] com.forward.system.mapper.DepartmentMapper.findDeptAndCount - <==      Total: 5
2020-12-12 17:14:10.430 [DEBUG] com.forward.system.mapper.UserMapper.findUserPage - ==>  Preparing: SELECT u.id,u.username,u.nickname,u.email,u.avatar,u.phone_number,u.status, u.create_time,u.modified_time,u.sex,u.salt,u.type,u.password,u.birth, u.department_id,u.deleted,d.name as name from tb_user u INNER JOIN tb_department d on u.department_id = d.id LIMIT ?
2020-12-12 17:14:10.431 [DEBUG] com.forward.system.mapper.UserMapper.findUserPage - ==> Parameters: 6(Long)
2020-12-12 17:14:10.438 [DEBUG] com.forward.system.mapper.UserMapper.findUserPage - <==      Total: 6
2020-12-12 17:14:15.678 [DEBUG] com.forward.system.mapper.UserMapper.selectList - ==>  Preparing: SELECT id,username,nickname,email,avatar,phone_number,status,create_time,modified_time,sex,salt,type,password,birth,department_id,deleted FROM tb_user
2020-12-12 17:14:15.679 [DEBUG] com.forward.system.mapper.UserMapper.selectList - ==> Parameters: 
2020-12-12 17:14:15.695 [DEBUG] com.forward.system.mapper.UserMapper.selectList - <==      Total: 76
2020-12-12 17:17:58.915 [DEBUG] com.forward.system.mapper.DepartmentMapper.findDeptAndCount - ==>  Preparing: select d.id, d.name, IFNULL( (select count(*) from tb_user u where u.department_id = d.id and u.deleted=0 GROUP BY u.department_id) ,0) as deptCount from tb_department d;
2020-12-12 17:17:58.938 [DEBUG] com.forward.system.mapper.DepartmentMapper.findDeptAndCount - ==> Parameters: 
2020-12-12 17:17:58.944 [DEBUG] com.forward.system.mapper.UserMapper.findUserPage - ==>  Preparing: SELECT COUNT(1) FROM tb_user u INNER JOIN tb_department d ON u.department_id = d.id
2020-12-12 17:17:58.945 [DEBUG] com.forward.system.mapper.UserMapper.findUserPage - ==> Parameters: 
2020-12-12 17:17:58.962 [DEBUG] com.forward.system.mapper.DepartmentMapper.findDeptAndCount - <==      Total: 5
2020-12-12 17:17:58.976 [DEBUG] com.forward.system.mapper.UserMapper.findUserPage - ==>  Preparing: SELECT u.id,u.username,u.nickname,u.email,u.avatar,u.phone_number,u.status, u.create_time,u.modified_time,u.sex,u.salt,u.type,u.password,u.birth, u.department_id,u.deleted,d.name as name from tb_user u INNER JOIN tb_department d on u.department_id = d.id LIMIT ?
2020-12-12 17:17:58.976 [DEBUG] com.forward.system.mapper.UserMapper.findUserPage - ==> Parameters: 6(Long)
2020-12-12 17:17:58.981 [DEBUG] com.forward.system.mapper.UserMapper.findUserPage - <==      Total: 6
2020-12-12 17:18:11.655 [DEBUG] com.forward.system.mapper.UserMapper.selectList - ==>  Preparing: SELECT id,username,nickname,email,avatar,phone_number,status,create_time,modified_time,sex,salt,type,password,birth,department_id,deleted FROM tb_user
2020-12-12 17:18:11.655 [DEBUG] com.forward.system.mapper.UserMapper.selectList - ==> Parameters: 
2020-12-12 17:18:11.671 [DEBUG] com.forward.system.mapper.UserMapper.selectList - <==      Total: 76
2020-12-12 17:18:39.746 [DEBUG] com.forward.system.mapper.DepartmentMapper.findDeptAndCount - ==>  Preparing: select d.id, d.name, IFNULL( (select count(*) from tb_user u where u.department_id = d.id and u.deleted=0 GROUP BY u.department_id) ,0) as deptCount from tb_department d;
2020-12-12 17:18:39.747 [DEBUG] com.forward.system.mapper.DepartmentMapper.findDeptAndCount - ==> Parameters: 
2020-12-12 17:18:39.748 [DEBUG] com.forward.system.mapper.UserMapper.findUserPage - ==>  Preparing: SELECT COUNT(1) FROM tb_user u INNER JOIN tb_department d ON u.department_id = d.id
2020-12-12 17:18:39.749 [DEBUG] com.forward.system.mapper.UserMapper.findUserPage - ==> Parameters: 
2020-12-12 17:18:39.751 [DEBUG] com.forward.system.mapper.DepartmentMapper.findDeptAndCount - <==      Total: 5
2020-12-12 17:18:39.752 [DEBUG] com.forward.system.mapper.UserMapper.findUserPage - ==>  Preparing: SELECT u.id,u.username,u.nickname,u.email,u.avatar,u.phone_number,u.status, u.create_time,u.modified_time,u.sex,u.salt,u.type,u.password,u.birth, u.department_id,u.deleted,d.name as name from tb_user u INNER JOIN tb_department d on u.department_id = d.id LIMIT ?
2020-12-12 17:18:39.753 [DEBUG] com.forward.system.mapper.UserMapper.findUserPage - ==> Parameters: 6(Long)
2020-12-12 17:18:39.756 [DEBUG] com.forward.system.mapper.UserMapper.findUserPage - <==      Total: 6
2020-12-12 17:18:42.882 [DEBUG] com.forward.system.mapper.UserMapper.selectList - ==>  Preparing: SELECT id,username,nickname,email,avatar,phone_number,status,create_time,modified_time,sex,salt,type,password,birth,department_id,deleted FROM tb_user
2020-12-12 17:18:42.883 [DEBUG] com.forward.system.mapper.UserMapper.selectList - ==> Parameters: 
2020-12-12 17:18:42.892 [DEBUG] com.forward.system.mapper.UserMapper.selectList - <==      Total: 76
2020-12-12 17:20:03.977 [DEBUG] com.forward.system.mapper.DepartmentMapper.findDeptAndCount - ==>  Preparing: select d.id, d.name, IFNULL( (select count(*) from tb_user u where u.department_id = d.id and u.deleted=0 GROUP BY u.department_id) ,0) as deptCount from tb_department d;
2020-12-12 17:20:03.978 [DEBUG] com.forward.system.mapper.DepartmentMapper.findDeptAndCount - ==> Parameters: 
2020-12-12 17:20:03.981 [DEBUG] com.forward.system.mapper.DepartmentMapper.findDeptAndCount - <==      Total: 5
2020-12-12 17:20:03.983 [DEBUG] com.forward.system.mapper.UserMapper.findUserPage - ==>  Preparing: SELECT COUNT(1) FROM tb_user u INNER JOIN tb_department d ON u.department_id = d.id
2020-12-12 17:20:03.984 [DEBUG] com.forward.system.mapper.UserMapper.findUserPage - ==> Parameters: 
2020-12-12 17:20:03.986 [DEBUG] com.forward.system.mapper.UserMapper.findUserPage - ==>  Preparing: SELECT u.id,u.username,u.nickname,u.email,u.avatar,u.phone_number,u.status, u.create_time,u.modified_time,u.sex,u.salt,u.type,u.password,u.birth, u.department_id,u.deleted,d.name as name from tb_user u INNER JOIN tb_department d on u.department_id = d.id LIMIT ?
2020-12-12 17:20:03.987 [DEBUG] com.forward.system.mapper.UserMapper.findUserPage - ==> Parameters: 6(Long)
2020-12-12 17:20:03.990 [DEBUG] com.forward.system.mapper.UserMapper.findUserPage - <==      Total: 6
2020-12-12 17:20:04.164 [DEBUG] com.forward.system.mapper.DepartmentMapper.findDeptAndCount - ==>  Preparing: select d.id, d.name, IFNULL( (select count(*) from tb_user u where u.department_id = d.id and u.deleted=0 GROUP BY u.department_id) ,0) as deptCount from tb_department d;
2020-12-12 17:20:04.165 [DEBUG] com.forward.system.mapper.DepartmentMapper.findDeptAndCount - ==> Parameters: 
2020-12-12 17:20:04.166 [DEBUG] com.forward.system.mapper.UserMapper.findUserPage - ==>  Preparing: SELECT COUNT(1) FROM tb_user u INNER JOIN tb_department d ON u.department_id = d.id
2020-12-12 17:20:04.167 [DEBUG] com.forward.system.mapper.UserMapper.findUserPage - ==> Parameters: 
2020-12-12 17:20:04.167 [DEBUG] com.forward.system.mapper.DepartmentMapper.findDeptAndCount - <==      Total: 5
2020-12-12 17:20:04.168 [DEBUG] com.forward.system.mapper.UserMapper.findUserPage - ==>  Preparing: SELECT u.id,u.username,u.nickname,u.email,u.avatar,u.phone_number,u.status, u.create_time,u.modified_time,u.sex,u.salt,u.type,u.password,u.birth, u.department_id,u.deleted,d.name as name from tb_user u INNER JOIN tb_department d on u.department_id = d.id LIMIT ?
2020-12-12 17:20:04.169 [DEBUG] com.forward.system.mapper.UserMapper.findUserPage - ==> Parameters: 6(Long)
2020-12-12 17:20:04.172 [DEBUG] com.forward.system.mapper.UserMapper.findUserPage - <==      Total: 6
2020-12-12 17:20:05.188 [DEBUG] com.forward.system.mapper.DepartmentMapper.findDeptAndCount - ==>  Preparing: select d.id, d.name, IFNULL( (select count(*) from tb_user u where u.department_id = d.id and u.deleted=0 GROUP BY u.department_id) ,0) as deptCount from tb_department d;
2020-12-12 17:20:05.189 [DEBUG] com.forward.system.mapper.DepartmentMapper.findDeptAndCount - ==> Parameters: 
2020-12-12 17:20:05.192 [DEBUG] com.forward.system.mapper.UserMapper.findUserPage - ==>  Preparing: SELECT COUNT(1) FROM tb_user u INNER JOIN tb_department d ON u.department_id = d.id
2020-12-12 17:20:05.193 [DEBUG] com.forward.system.mapper.DepartmentMapper.findDeptAndCount - <==      Total: 5
2020-12-12 17:20:05.193 [DEBUG] com.forward.system.mapper.UserMapper.findUserPage - ==> Parameters: 
2020-12-12 17:20:05.196 [DEBUG] com.forward.system.mapper.UserMapper.findUserPage - ==>  Preparing: SELECT u.id,u.username,u.nickname,u.email,u.avatar,u.phone_number,u.status, u.create_time,u.modified_time,u.sex,u.salt,u.type,u.password,u.birth, u.department_id,u.deleted,d.name as name from tb_user u INNER JOIN tb_department d on u.department_id = d.id LIMIT ?
2020-12-12 17:20:05.196 [DEBUG] com.forward.system.mapper.UserMapper.findUserPage - ==> Parameters: 6(Long)
2020-12-12 17:20:05.200 [DEBUG] com.forward.system.mapper.UserMapper.findUserPage - <==      Total: 6
2020-12-12 17:20:08.216 [DEBUG] com.forward.system.mapper.UserMapper.selectList - ==>  Preparing: SELECT id,username,nickname,email,avatar,phone_number,status,create_time,modified_time,sex,salt,type,password,birth,department_id,deleted FROM tb_user
2020-12-12 17:20:08.216 [DEBUG] com.forward.system.mapper.UserMapper.selectList - ==> Parameters: 
2020-12-12 17:20:08.224 [DEBUG] com.forward.system.mapper.UserMapper.selectList - <==      Total: 76
2020-12-12 17:20:20.819 [DEBUG] com.forward.system.mapper.UserMapper.findUserPage - ==>  Preparing: SELECT COUNT(1) FROM tb_user u INNER JOIN tb_department d ON u.department_id = d.id
2020-12-12 17:20:20.820 [DEBUG] com.forward.system.mapper.UserMapper.findUserPage - ==> Parameters: 
2020-12-12 17:20:20.822 [DEBUG] com.forward.system.mapper.UserMapper.findUserPage - ==>  Preparing: SELECT u.id,u.username,u.nickname,u.email,u.avatar,u.phone_number,u.status, u.create_time,u.modified_time,u.sex,u.salt,u.type,u.password,u.birth, u.department_id,u.deleted,d.name as name from tb_user u INNER JOIN tb_department d on u.department_id = d.id LIMIT ?
2020-12-12 17:20:20.823 [DEBUG] com.forward.system.mapper.DepartmentMapper.findDeptAndCount - ==>  Preparing: select d.id, d.name, IFNULL( (select count(*) from tb_user u where u.department_id = d.id and u.deleted=0 GROUP BY u.department_id) ,0) as deptCount from tb_department d;
2020-12-12 17:20:20.823 [DEBUG] com.forward.system.mapper.UserMapper.findUserPage - ==> Parameters: 6(Long)
2020-12-12 17:20:20.823 [DEBUG] com.forward.system.mapper.DepartmentMapper.findDeptAndCount - ==> Parameters: 
2020-12-12 17:20:20.825 [DEBUG] com.forward.system.mapper.DepartmentMapper.findDeptAndCount - <==      Total: 5
2020-12-12 17:20:20.826 [DEBUG] com.forward.system.mapper.UserMapper.findUserPage - <==      Total: 6
2020-12-12 17:20:21.109 [DEBUG] com.forward.system.mapper.DepartmentMapper.findDeptAndCount - ==>  Preparing: select d.id, d.name, IFNULL( (select count(*) from tb_user u where u.department_id = d.id and u.deleted=0 GROUP BY u.department_id) ,0) as deptCount from tb_department d;
2020-12-12 17:20:21.111 [DEBUG] com.forward.system.mapper.UserMapper.findUserPage - ==>  Preparing: SELECT COUNT(1) FROM tb_user u INNER JOIN tb_department d ON u.department_id = d.id
2020-12-12 17:20:21.111 [DEBUG] com.forward.system.mapper.DepartmentMapper.findDeptAndCount - ==> Parameters: 
2020-12-12 17:20:21.112 [DEBUG] com.forward.system.mapper.UserMapper.findUserPage - ==> Parameters: 
2020-12-12 17:20:21.114 [DEBUG] com.forward.system.mapper.UserMapper.findUserPage - ==>  Preparing: SELECT u.id,u.username,u.nickname,u.email,u.avatar,u.phone_number,u.status, u.create_time,u.modified_time,u.sex,u.salt,u.type,u.password,u.birth, u.department_id,u.deleted,d.name as name from tb_user u INNER JOIN tb_department d on u.department_id = d.id LIMIT ?
2020-12-12 17:20:21.115 [DEBUG] com.forward.system.mapper.UserMapper.findUserPage - ==> Parameters: 6(Long)
2020-12-12 17:20:21.116 [DEBUG] com.forward.system.mapper.DepartmentMapper.findDeptAndCount - <==      Total: 5
2020-12-12 17:20:21.118 [DEBUG] com.forward.system.mapper.UserMapper.findUserPage - <==      Total: 6
2020-12-12 17:20:23.639 [DEBUG] com.forward.system.mapper.DepartmentMapper.findDeptAndCount - ==>  Preparing: select d.id, d.name, IFNULL( (select count(*) from tb_user u where u.department_id = d.id and u.deleted=0 GROUP BY u.department_id) ,0) as deptCount from tb_department d;
2020-12-12 17:20:23.640 [DEBUG] com.forward.system.mapper.DepartmentMapper.findDeptAndCount - ==> Parameters: 
2020-12-12 17:20:23.640 [DEBUG] com.forward.system.mapper.UserMapper.findUserPage - ==>  Preparing: SELECT COUNT(1) FROM tb_user u INNER JOIN tb_department d ON u.department_id = d.id
2020-12-12 17:20:23.641 [DEBUG] com.forward.system.mapper.UserMapper.findUserPage - ==> Parameters: 
2020-12-12 17:20:23.642 [DEBUG] com.forward.system.mapper.DepartmentMapper.findDeptAndCount - <==      Total: 5
2020-12-12 17:20:23.643 [DEBUG] com.forward.system.mapper.UserMapper.findUserPage - ==>  Preparing: SELECT u.id,u.username,u.nickname,u.email,u.avatar,u.phone_number,u.status, u.create_time,u.modified_time,u.sex,u.salt,u.type,u.password,u.birth, u.department_id,u.deleted,d.name as name from tb_user u INNER JOIN tb_department d on u.department_id = d.id LIMIT ?
2020-12-12 17:20:23.644 [DEBUG] com.forward.system.mapper.UserMapper.findUserPage - ==> Parameters: 6(Long)
2020-12-12 17:20:23.646 [DEBUG] com.forward.system.mapper.UserMapper.findUserPage - <==      Total: 6
2020-12-12 17:20:24.144 [DEBUG] com.forward.system.mapper.UserMapper.selectList - ==>  Preparing: SELECT id,username,nickname,email,avatar,phone_number,status,create_time,modified_time,sex,salt,type,password,birth,department_id,deleted FROM tb_user
2020-12-12 17:20:24.145 [DEBUG] com.forward.system.mapper.UserMapper.selectList - ==> Parameters: 
2020-12-12 17:20:24.149 [DEBUG] com.forward.system.mapper.UserMapper.selectList - <==      Total: 76
2020-12-12 17:20:26.111 [DEBUG] com.forward.system.mapper.UserMapper.selectList - ==>  Preparing: SELECT id,username,nickname,email,avatar,phone_number,status,create_time,modified_time,sex,salt,type,password,birth,department_id,deleted FROM tb_user
2020-12-12 17:20:26.111 [DEBUG] com.forward.system.mapper.UserMapper.selectList - ==> Parameters: 
2020-12-12 17:20:26.115 [DEBUG] com.forward.system.mapper.UserMapper.selectList - <==      Total: 76
2020-12-12 17:20:27.136 [DEBUG] com.forward.system.mapper.UserMapper.selectList - ==>  Preparing: SELECT id,username,nickname,email,avatar,phone_number,status,create_time,modified_time,sex,salt,type,password,birth,department_id,deleted FROM tb_user
2020-12-12 17:20:27.137 [DEBUG] com.forward.system.mapper.UserMapper.selectList - ==> Parameters: 
2020-12-12 17:20:27.142 [DEBUG] com.forward.system.mapper.UserMapper.selectList - <==      Total: 76
2020-12-12 17:22:33.835 [DEBUG] com.forward.system.mapper.DepartmentMapper.findDeptAndCount - ==>  Preparing: select d.id, d.name, IFNULL( (select count(*) from tb_user u where u.department_id = d.id and u.deleted=0 GROUP BY u.department_id) ,0) as deptCount from tb_department d;
2020-12-12 17:22:33.855 [DEBUG] com.forward.system.mapper.DepartmentMapper.findDeptAndCount - ==> Parameters: 
2020-12-12 17:22:33.857 [DEBUG] com.forward.system.mapper.UserMapper.findUserPage - ==>  Preparing: SELECT COUNT(1) FROM tb_user u INNER JOIN tb_department d ON u.department_id = d.id
2020-12-12 17:22:33.858 [DEBUG] com.forward.system.mapper.UserMapper.findUserPage - ==> Parameters: 
2020-12-12 17:22:33.875 [DEBUG] com.forward.system.mapper.DepartmentMapper.findDeptAndCount - <==      Total: 5
2020-12-12 17:22:33.880 [DEBUG] com.forward.system.mapper.UserMapper.findUserPage - ==>  Preparing: SELECT u.id,u.username,u.nickname,u.email,u.avatar,u.phone_number,u.status, u.create_time,u.modified_time,u.sex,u.salt,u.type,u.password,u.birth, u.department_id,u.deleted,d.name as name from tb_user u INNER JOIN tb_department d on u.department_id = d.id LIMIT ?
2020-12-12 17:22:33.881 [DEBUG] com.forward.system.mapper.UserMapper.findUserPage - ==> Parameters: 6(Long)
2020-12-12 17:22:33.887 [DEBUG] com.forward.system.mapper.UserMapper.findUserPage - <==      Total: 6
2020-12-12 17:22:38.527 [DEBUG] com.forward.system.mapper.UserMapper.selectList - ==>  Preparing: SELECT id,username,nickname,email,avatar,phone_number,status,create_time,modified_time,sex,salt,type,password,birth,department_id,deleted FROM tb_user
2020-12-12 17:22:38.529 [DEBUG] com.forward.system.mapper.UserMapper.selectList - ==> Parameters: 
2020-12-12 17:22:38.546 [DEBUG] com.forward.system.mapper.UserMapper.selectList - <==      Total: 76
2020-12-12 17:23:06.439 [DEBUG] com.forward.system.mapper.UserMapper.selectList - ==>  Preparing: SELECT id,username,nickname,email,avatar,phone_number,status,create_time,modified_time,sex,salt,type,password,birth,department_id,deleted FROM tb_user
2020-12-12 17:23:06.440 [DEBUG] com.forward.system.mapper.UserMapper.selectList - ==> Parameters: 
2020-12-12 17:23:06.449 [DEBUG] com.forward.system.mapper.UserMapper.selectList - <==      Total: 76
2020-12-12 17:23:16.125 [DEBUG] com.forward.system.mapper.DepartmentMapper.findDeptAndCount - ==>  Preparing: select d.id, d.name, IFNULL( (select count(*) from tb_user u where u.department_id = d.id and u.deleted=0 GROUP BY u.department_id) ,0) as deptCount from tb_department d;
2020-12-12 17:23:16.126 [DEBUG] com.forward.system.mapper.DepartmentMapper.findDeptAndCount - ==> Parameters: 
2020-12-12 17:23:16.129 [DEBUG] com.forward.system.mapper.DepartmentMapper.findDeptAndCount - <==      Total: 5
2020-12-12 17:23:16.133 [DEBUG] com.forward.system.mapper.UserMapper.findUserPage - ==>  Preparing: SELECT COUNT(1) FROM tb_user u INNER JOIN tb_department d ON u.department_id = d.id
2020-12-12 17:23:16.134 [DEBUG] com.forward.system.mapper.UserMapper.findUserPage - ==> Parameters: 
2020-12-12 17:23:16.137 [DEBUG] com.forward.system.mapper.UserMapper.findUserPage - ==>  Preparing: SELECT u.id,u.username,u.nickname,u.email,u.avatar,u.phone_number,u.status, u.create_time,u.modified_time,u.sex,u.salt,u.type,u.password,u.birth, u.department_id,u.deleted,d.name as name from tb_user u INNER JOIN tb_department d on u.department_id = d.id LIMIT ?
2020-12-12 17:23:16.138 [DEBUG] com.forward.system.mapper.UserMapper.findUserPage - ==> Parameters: 6(Long)
2020-12-12 17:23:16.141 [DEBUG] com.forward.system.mapper.UserMapper.findUserPage - <==      Total: 6
2020-12-12 17:23:17.135 [DEBUG] com.forward.system.mapper.UserMapper.selectList - ==>  Preparing: SELECT id,username,nickname,email,avatar,phone_number,status,create_time,modified_time,sex,salt,type,password,birth,department_id,deleted FROM tb_user
2020-12-12 17:23:17.136 [DEBUG] com.forward.system.mapper.UserMapper.selectList - ==> Parameters: 
2020-12-12 17:23:17.142 [DEBUG] com.forward.system.mapper.UserMapper.selectList - <==      Total: 76
2020-12-12 17:24:46.268 [DEBUG] com.forward.system.mapper.DepartmentMapper.findDeptAndCount - ==>  Preparing: select d.id, d.name, IFNULL( (select count(*) from tb_user u where u.department_id = d.id and u.deleted=0 GROUP BY u.department_id) ,0) as deptCount from tb_department d;
2020-12-12 17:24:46.286 [DEBUG] com.forward.system.mapper.DepartmentMapper.findDeptAndCount - ==> Parameters: 
2020-12-12 17:24:46.287 [DEBUG] com.forward.system.mapper.UserMapper.findUserPage - ==>  Preparing: SELECT COUNT(1) FROM tb_user u INNER JOIN tb_department d ON u.department_id = d.id
2020-12-12 17:24:46.288 [DEBUG] com.forward.system.mapper.UserMapper.findUserPage - ==> Parameters: 
2020-12-12 17:24:46.305 [DEBUG] com.forward.system.mapper.DepartmentMapper.findDeptAndCount - <==      Total: 5
2020-12-12 17:24:46.310 [DEBUG] com.forward.system.mapper.UserMapper.findUserPage - ==>  Preparing: SELECT u.id,u.username,u.nickname,u.email,u.avatar,u.phone_number,u.status, u.create_time,u.modified_time,u.sex,u.salt,u.type,u.password,u.birth, u.department_id,u.deleted,d.name as name from tb_user u INNER JOIN tb_department d on u.department_id = d.id LIMIT ?
2020-12-12 17:24:46.311 [DEBUG] com.forward.system.mapper.UserMapper.findUserPage - ==> Parameters: 6(Long)
2020-12-12 17:24:46.316 [DEBUG] com.forward.system.mapper.UserMapper.findUserPage - <==      Total: 6
2020-12-12 17:24:47.024 [DEBUG] com.forward.system.mapper.UserMapper.selectList - ==>  Preparing: SELECT id,username,nickname,email,avatar,phone_number,status,create_time,modified_time,sex,salt,type,password,birth,department_id,deleted FROM tb_user
2020-12-12 17:24:47.025 [DEBUG] com.forward.system.mapper.UserMapper.selectList - ==> Parameters: 
2020-12-12 17:24:47.040 [DEBUG] com.forward.system.mapper.UserMapper.selectList - <==      Total: 76
2020-12-12 17:25:02.306 [DEBUG] com.forward.system.mapper.DepartmentMapper.findDeptAndCount - ==>  Preparing: select d.id, d.name, IFNULL( (select count(*) from tb_user u where u.department_id = d.id and u.deleted=0 GROUP BY u.department_id) ,0) as deptCount from tb_department d;
2020-12-12 17:25:02.307 [DEBUG] com.forward.system.mapper.DepartmentMapper.findDeptAndCount - ==> Parameters: 
2020-12-12 17:25:02.308 [DEBUG] com.forward.system.mapper.UserMapper.findUserPage - ==>  Preparing: SELECT COUNT(1) FROM tb_user u INNER JOIN tb_department d ON u.department_id = d.id
2020-12-12 17:25:02.308 [DEBUG] com.forward.system.mapper.UserMapper.findUserPage - ==> Parameters: 
2020-12-12 17:25:02.309 [DEBUG] com.forward.system.mapper.DepartmentMapper.findDeptAndCount - <==      Total: 5
2020-12-12 17:25:02.310 [DEBUG] com.forward.system.mapper.UserMapper.findUserPage - ==>  Preparing: SELECT u.id,u.username,u.nickname,u.email,u.avatar,u.phone_number,u.status, u.create_time,u.modified_time,u.sex,u.salt,u.type,u.password,u.birth, u.department_id,u.deleted,d.name as name from tb_user u INNER JOIN tb_department d on u.department_id = d.id LIMIT ?
2020-12-12 17:25:02.311 [DEBUG] com.forward.system.mapper.UserMapper.findUserPage - ==> Parameters: 6(Long)
2020-12-12 17:25:02.314 [DEBUG] com.forward.system.mapper.UserMapper.findUserPage - <==      Total: 6
2020-12-12 17:25:02.512 [DEBUG] com.forward.system.mapper.DepartmentMapper.findDeptAndCount - ==>  Preparing: select d.id, d.name, IFNULL( (select count(*) from tb_user u where u.department_id = d.id and u.deleted=0 GROUP BY u.department_id) ,0) as deptCount from tb_department d;
2020-12-12 17:25:02.513 [DEBUG] com.forward.system.mapper.DepartmentMapper.findDeptAndCount - ==> Parameters: 
2020-12-12 17:25:02.515 [DEBUG] com.forward.system.mapper.DepartmentMapper.findDeptAndCount - <==      Total: 5
2020-12-12 17:25:02.518 [DEBUG] com.forward.system.mapper.UserMapper.findUserPage - ==>  Preparing: SELECT COUNT(1) FROM tb_user u INNER JOIN tb_department d ON u.department_id = d.id
2020-12-12 17:25:02.518 [DEBUG] com.forward.system.mapper.UserMapper.findUserPage - ==> Parameters: 
2020-12-12 17:25:02.521 [DEBUG] com.forward.system.mapper.UserMapper.findUserPage - ==>  Preparing: SELECT u.id,u.username,u.nickname,u.email,u.avatar,u.phone_number,u.status, u.create_time,u.modified_time,u.sex,u.salt,u.type,u.password,u.birth, u.department_id,u.deleted,d.name as name from tb_user u INNER JOIN tb_department d on u.department_id = d.id LIMIT ?
2020-12-12 17:25:02.521 [DEBUG] com.forward.system.mapper.UserMapper.findUserPage - ==> Parameters: 6(Long)
2020-12-12 17:25:02.523 [DEBUG] com.forward.system.mapper.UserMapper.findUserPage - <==      Total: 6
2020-12-12 17:25:03.261 [DEBUG] com.forward.system.mapper.DepartmentMapper.findDeptAndCount - ==>  Preparing: select d.id, d.name, IFNULL( (select count(*) from tb_user u where u.department_id = d.id and u.deleted=0 GROUP BY u.department_id) ,0) as deptCount from tb_department d;
2020-12-12 17:25:03.262 [DEBUG] com.forward.system.mapper.DepartmentMapper.findDeptAndCount - ==> Parameters: 
2020-12-12 17:25:03.263 [DEBUG] com.forward.system.mapper.UserMapper.findUserPage - ==>  Preparing: SELECT COUNT(1) FROM tb_user u INNER JOIN tb_department d ON u.department_id = d.id
2020-12-12 17:25:03.263 [DEBUG] com.forward.system.mapper.UserMapper.findUserPage - ==> Parameters: 
2020-12-12 17:25:03.265 [DEBUG] com.forward.system.mapper.DepartmentMapper.findDeptAndCount - <==      Total: 5
2020-12-12 17:25:03.265 [DEBUG] com.forward.system.mapper.UserMapper.findUserPage - ==>  Preparing: SELECT u.id,u.username,u.nickname,u.email,u.avatar,u.phone_number,u.status, u.create_time,u.modified_time,u.sex,u.salt,u.type,u.password,u.birth, u.department_id,u.deleted,d.name as name from tb_user u INNER JOIN tb_department d on u.department_id = d.id LIMIT ?
2020-12-12 17:25:03.266 [DEBUG] com.forward.system.mapper.UserMapper.findUserPage - ==> Parameters: 6(Long)
2020-12-12 17:25:03.268 [DEBUG] com.forward.system.mapper.UserMapper.findUserPage - <==      Total: 6
2020-12-12 17:25:03.868 [DEBUG] com.forward.system.mapper.UserMapper.selectList - ==>  Preparing: SELECT id,username,nickname,email,avatar,phone_number,status,create_time,modified_time,sex,salt,type,password,birth,department_id,deleted FROM tb_user
2020-12-12 17:25:03.869 [DEBUG] com.forward.system.mapper.UserMapper.selectList - ==> Parameters: 
2020-12-12 17:25:03.876 [DEBUG] com.forward.system.mapper.UserMapper.selectList - <==      Total: 76
