2020-12-03 03:18:01.965 [INFO ] com.forward.XinGuanApplication - Starting XinGuanApplication on LAPTOP-FKDB9B57 with PID 17844 (D:\IntellijIDEA\WorkSpaces\SpringCloudCodes\Codes\xinguan-parent\xinguan-base-web\target\classes started by Acer in D:\IntellijIDEA\WorkSpaces\SpringCloudCodes\Codes\xinguan-parent)
2020-12-03 03:18:01.968 [INFO ] com.forward.XinGuanApplication - No active profile set, falling back to default profiles: default
2020-12-03 03:18:03.195 [INFO ] org.springframework.boot.web.embedded.tomcat.TomcatWebServer - Tomcat initialized with port(s): 8082 (http)
2020-12-03 03:18:03.202 [INFO ] org.apache.coyote.http11.Http11NioProtocol - Initializing ProtocolHandler ["http-nio-8082"]
2020-12-03 03:18:03.203 [INFO ] org.apache.catalina.core.StandardService - Starting service [Tomcat]
2020-12-03 03:18:03.204 [INFO ] org.apache.catalina.core.StandardEngine - Starting Servlet engine: [Apache Tomcat/9.0.37]
2020-12-03 03:18:03.278 [INFO ] org.apache.catalina.core.ContainerBase.[Tomcat].[localhost].[/] - Initializing Spring embedded WebApplicationContext
2020-12-03 03:18:03.279 [INFO ] org.springframework.boot.web.servlet.context.ServletWebServerApplicationContext - Root WebApplicationContext: initialization completed in 1260 ms
2020-12-03 03:18:04.336 [INFO ] springfox.documentation.spring.web.PropertySourcedRequestMappingHandlerMapping - Mapped URL path [/v2/api-docs] onto method [springfox.documentation.swagger2.web.Swagger2Controller#getDocumentation(String, HttpServletRequest)]
2020-12-03 03:18:04.402 [INFO ] org.springframework.scheduling.concurrent.ThreadPoolTaskExecutor - Initializing ExecutorService 'applicationTaskExecutor'
2020-12-03 03:18:04.521 [INFO ] org.apache.coyote.http11.Http11NioProtocol - Starting ProtocolHandler ["http-nio-8082"]
2020-12-03 03:18:04.537 [INFO ] org.springframework.boot.web.embedded.tomcat.TomcatWebServer - Tomcat started on port(s): 8082 (http) with context path ''
2020-12-03 03:18:04.538 [INFO ] springfox.documentation.spring.web.plugins.DocumentationPluginsBootstrapper - Context refreshed
2020-12-03 03:18:04.551 [INFO ] springfox.documentation.spring.web.plugins.DocumentationPluginsBootstrapper - Found 1 custom documentation plugin(s)
2020-12-03 03:18:04.577 [INFO ] springfox.documentation.spring.web.scanners.ApiListingReferenceScanner - Scanning for api listing references
2020-12-03 03:18:04.671 [INFO ] com.forward.XinGuanApplication - Started XinGuanApplication in 3.209 seconds (JVM running for 4.048)
2020-12-03 03:18:26.214 [INFO ] org.apache.catalina.core.ContainerBase.[Tomcat].[localhost].[/] - Initializing Spring DispatcherServlet 'dispatcherServlet'
2020-12-03 03:18:31.827 [INFO ] com.zaxxer.hikari.HikariDataSource - HikariPool-1 - Starting...
2020-12-03 03:18:32.315 [INFO ] com.zaxxer.hikari.HikariDataSource - HikariPool-1 - Start completed.
2020-12-03 03:21:21.257 [INFO ] com.forward.XinGuanApplication - Starting XinGuanApplication on LAPTOP-FKDB9B57 with PID 10304 (D:\IntellijIDEA\WorkSpaces\SpringCloudCodes\Codes\xinguan-parent\xinguan-base-web\target\classes started by Acer in D:\IntellijIDEA\WorkSpaces\SpringCloudCodes\Codes\xinguan-parent)
2020-12-03 03:21:21.261 [INFO ] com.forward.XinGuanApplication - No active profile set, falling back to default profiles: default
2020-12-03 03:21:22.801 [INFO ] org.springframework.boot.web.embedded.tomcat.TomcatWebServer - Tomcat initialized with port(s): 8082 (http)
2020-12-03 03:21:22.811 [INFO ] org.apache.coyote.http11.Http11NioProtocol - Initializing ProtocolHandler ["http-nio-8082"]
2020-12-03 03:21:22.812 [INFO ] org.apache.catalina.core.StandardService - Starting service [Tomcat]
2020-12-03 03:21:22.812 [INFO ] org.apache.catalina.core.StandardEngine - Starting Servlet engine: [Apache Tomcat/9.0.37]
2020-12-03 03:21:22.904 [INFO ] org.apache.catalina.core.ContainerBase.[Tomcat].[localhost].[/] - Initializing Spring embedded WebApplicationContext
2020-12-03 03:21:22.904 [INFO ] org.springframework.boot.web.servlet.context.ServletWebServerApplicationContext - Root WebApplicationContext: initialization completed in 1572 ms
2020-12-03 03:21:24.045 [INFO ] springfox.documentation.spring.web.PropertySourcedRequestMappingHandlerMapping - Mapped URL path [/v2/api-docs] onto method [springfox.documentation.swagger2.web.Swagger2Controller#getDocumentation(String, HttpServletRequest)]
2020-12-03 03:21:24.120 [INFO ] org.springframework.scheduling.concurrent.ThreadPoolTaskExecutor - Initializing ExecutorService 'applicationTaskExecutor'
2020-12-03 03:21:24.281 [INFO ] org.apache.coyote.http11.Http11NioProtocol - Starting ProtocolHandler ["http-nio-8082"]
2020-12-03 03:21:24.308 [INFO ] org.springframework.boot.web.embedded.tomcat.TomcatWebServer - Tomcat started on port(s): 8082 (http) with context path ''
2020-12-03 03:21:24.309 [INFO ] springfox.documentation.spring.web.plugins.DocumentationPluginsBootstrapper - Context refreshed
2020-12-03 03:21:24.324 [INFO ] springfox.documentation.spring.web.plugins.DocumentationPluginsBootstrapper - Found 1 custom documentation plugin(s)
2020-12-03 03:21:24.368 [INFO ] springfox.documentation.spring.web.scanners.ApiListingReferenceScanner - Scanning for api listing references
2020-12-03 03:21:24.515 [INFO ] com.forward.XinGuanApplication - Started XinGuanApplication in 3.882 seconds (JVM running for 4.787)
2020-12-03 03:21:24.556 [INFO ] org.apache.catalina.core.ContainerBase.[Tomcat].[localhost].[/] - Initializing Spring DispatcherServlet 'dispatcherServlet'
2020-12-03 03:22:04.447 [INFO ] com.zaxxer.hikari.HikariDataSource - HikariPool-1 - Starting...
2020-12-03 03:22:04.869 [INFO ] com.zaxxer.hikari.HikariDataSource - HikariPool-1 - Start completed.
2020-12-03 03:22:37.048 [INFO ] com.forward.XinGuanApplication - Starting XinGuanApplication on LAPTOP-FKDB9B57 with PID 15564 (D:\IntellijIDEA\WorkSpaces\SpringCloudCodes\Codes\xinguan-parent\xinguan-base-web\target\classes started by Acer in D:\IntellijIDEA\WorkSpaces\SpringCloudCodes\Codes\xinguan-parent)
2020-12-03 03:22:37.052 [INFO ] com.forward.XinGuanApplication - No active profile set, falling back to default profiles: default
2020-12-03 03:22:38.059 [INFO ] org.springframework.boot.web.embedded.tomcat.TomcatWebServer - Tomcat initialized with port(s): 8082 (http)
2020-12-03 03:22:38.065 [INFO ] org.apache.coyote.http11.Http11NioProtocol - Initializing ProtocolHandler ["http-nio-8082"]
2020-12-03 03:22:38.066 [INFO ] org.apache.catalina.core.StandardService - Starting service [Tomcat]
2020-12-03 03:22:38.066 [INFO ] org.apache.catalina.core.StandardEngine - Starting Servlet engine: [Apache Tomcat/9.0.37]
2020-12-03 03:22:38.142 [INFO ] org.apache.catalina.core.ContainerBase.[Tomcat].[localhost].[/] - Initializing Spring embedded WebApplicationContext
2020-12-03 03:22:38.143 [INFO ] org.springframework.boot.web.servlet.context.ServletWebServerApplicationContext - Root WebApplicationContext: initialization completed in 1034 ms
2020-12-03 03:22:39.107 [INFO ] springfox.documentation.spring.web.PropertySourcedRequestMappingHandlerMapping - Mapped URL path [/v2/api-docs] onto method [springfox.documentation.swagger2.web.Swagger2Controller#getDocumentation(String, HttpServletRequest)]
2020-12-03 03:22:39.170 [INFO ] org.springframework.scheduling.concurrent.ThreadPoolTaskExecutor - Initializing ExecutorService 'applicationTaskExecutor'
2020-12-03 03:22:39.298 [INFO ] org.apache.coyote.http11.Http11NioProtocol - Starting ProtocolHandler ["http-nio-8082"]
2020-12-03 03:22:39.316 [INFO ] org.springframework.boot.web.embedded.tomcat.TomcatWebServer - Tomcat started on port(s): 8082 (http) with context path ''
2020-12-03 03:22:39.317 [INFO ] springfox.documentation.spring.web.plugins.DocumentationPluginsBootstrapper - Context refreshed
2020-12-03 03:22:39.329 [INFO ] springfox.documentation.spring.web.plugins.DocumentationPluginsBootstrapper - Found 1 custom documentation plugin(s)
2020-12-03 03:22:39.363 [INFO ] springfox.documentation.spring.web.scanners.ApiListingReferenceScanner - Scanning for api listing references
2020-12-03 03:22:39.457 [INFO ] com.forward.XinGuanApplication - Started XinGuanApplication in 2.913 seconds (JVM running for 3.668)
2020-12-03 03:51:25.372 [INFO ] com.forward.XinGuanApplication - Starting XinGuanApplication on LAPTOP-FKDB9B57 with PID 21416 (D:\IntellijIDEA\WorkSpaces\SpringCloudCodes\Codes\xinguan-parent\xinguan-base-web\target\classes started by Acer in D:\IntellijIDEA\WorkSpaces\SpringCloudCodes\Codes\xinguan-parent)
2020-12-03 03:51:25.376 [INFO ] com.forward.XinGuanApplication - No active profile set, falling back to default profiles: default
2020-12-03 03:51:26.554 [INFO ] org.springframework.boot.web.embedded.tomcat.TomcatWebServer - Tomcat initialized with port(s): 8082 (http)
2020-12-03 03:51:26.561 [INFO ] org.apache.coyote.http11.Http11NioProtocol - Initializing ProtocolHandler ["http-nio-8082"]
2020-12-03 03:51:26.562 [INFO ] org.apache.catalina.core.StandardService - Starting service [Tomcat]
2020-12-03 03:51:26.562 [INFO ] org.apache.catalina.core.StandardEngine - Starting Servlet engine: [Apache Tomcat/9.0.37]
2020-12-03 03:51:26.640 [INFO ] org.apache.catalina.core.ContainerBase.[Tomcat].[localhost].[/] - Initializing Spring embedded WebApplicationContext
2020-12-03 03:51:26.640 [INFO ] org.springframework.boot.web.servlet.context.ServletWebServerApplicationContext - Root WebApplicationContext: initialization completed in 1194 ms
2020-12-03 03:51:26.768 [INFO ] org.apache.catalina.core.StandardService - Stopping service [Tomcat]
2020-12-03 03:51:26.782 [INFO ] org.springframework.boot.autoconfigure.logging.ConditionEvaluationReportLoggingListener - 

Error starting ApplicationContext. To display the conditions report re-run your application with 'debug' enabled.
2020-12-03 03:53:00.082 [INFO ] com.forward.XinGuanApplication - Starting XinGuanApplication on LAPTOP-FKDB9B57 with PID 8096 (D:\IntellijIDEA\WorkSpaces\SpringCloudCodes\Codes\xinguan-parent\xinguan-base-web\target\classes started by Acer in D:\IntellijIDEA\WorkSpaces\SpringCloudCodes\Codes\xinguan-parent)
2020-12-03 03:53:00.087 [INFO ] com.forward.XinGuanApplication - No active profile set, falling back to default profiles: default
2020-12-03 03:53:01.173 [INFO ] org.springframework.boot.web.embedded.tomcat.TomcatWebServer - Tomcat initialized with port(s): 8082 (http)
2020-12-03 03:53:01.181 [INFO ] org.apache.coyote.http11.Http11NioProtocol - Initializing ProtocolHandler ["http-nio-8082"]
2020-12-03 03:53:01.182 [INFO ] org.apache.catalina.core.StandardService - Starting service [Tomcat]
2020-12-03 03:53:01.182 [INFO ] org.apache.catalina.core.StandardEngine - Starting Servlet engine: [Apache Tomcat/9.0.37]
2020-12-03 03:53:01.250 [INFO ] org.apache.catalina.core.ContainerBase.[Tomcat].[localhost].[/] - Initializing Spring embedded WebApplicationContext
2020-12-03 03:53:01.251 [INFO ] org.springframework.boot.web.servlet.context.ServletWebServerApplicationContext - Root WebApplicationContext: initialization completed in 1090 ms
2020-12-03 03:53:01.357 [INFO ] org.apache.catalina.core.StandardService - Stopping service [Tomcat]
2020-12-03 03:53:01.369 [INFO ] org.springframework.boot.autoconfigure.logging.ConditionEvaluationReportLoggingListener - 

Error starting ApplicationContext. To display the conditions report re-run your application with 'debug' enabled.
2020-12-03 03:53:26.657 [INFO ] com.forward.XinGuanApplication - Starting XinGuanApplication on LAPTOP-FKDB9B57 with PID 13032 (D:\IntellijIDEA\WorkSpaces\SpringCloudCodes\Codes\xinguan-parent\xinguan-base-web\target\classes started by Acer in D:\IntellijIDEA\WorkSpaces\SpringCloudCodes\Codes\xinguan-parent)
2020-12-03 03:53:26.662 [INFO ] com.forward.XinGuanApplication - No active profile set, falling back to default profiles: default
2020-12-03 03:53:27.698 [INFO ] org.springframework.boot.web.embedded.tomcat.TomcatWebServer - Tomcat initialized with port(s): 8082 (http)
2020-12-03 03:53:27.705 [INFO ] org.apache.coyote.http11.Http11NioProtocol - Initializing ProtocolHandler ["http-nio-8082"]
2020-12-03 03:53:27.705 [INFO ] org.apache.catalina.core.StandardService - Starting service [Tomcat]
2020-12-03 03:53:27.706 [INFO ] org.apache.catalina.core.StandardEngine - Starting Servlet engine: [Apache Tomcat/9.0.37]
2020-12-03 03:53:27.789 [INFO ] org.apache.catalina.core.ContainerBase.[Tomcat].[localhost].[/] - Initializing Spring embedded WebApplicationContext
2020-12-03 03:53:27.790 [INFO ] org.springframework.boot.web.servlet.context.ServletWebServerApplicationContext - Root WebApplicationContext: initialization completed in 1075 ms
2020-12-03 03:53:27.897 [INFO ] org.apache.catalina.core.StandardService - Stopping service [Tomcat]
2020-12-03 03:53:27.912 [INFO ] org.springframework.boot.autoconfigure.logging.ConditionEvaluationReportLoggingListener - 

Error starting ApplicationContext. To display the conditions report re-run your application with 'debug' enabled.
2020-12-03 03:56:33.644 [INFO ] com.forward.XinGuanApplication - Starting XinGuanApplication on LAPTOP-FKDB9B57 with PID 22216 (D:\IntellijIDEA\WorkSpaces\SpringCloudCodes\Codes\xinguan-parent\xinguan-base-web\target\classes started by Acer in D:\IntellijIDEA\WorkSpaces\SpringCloudCodes\Codes\xinguan-parent)
2020-12-03 03:56:33.647 [INFO ] com.forward.XinGuanApplication - No active profile set, falling back to default profiles: default
2020-12-03 03:56:34.639 [INFO ] org.springframework.boot.web.embedded.tomcat.TomcatWebServer - Tomcat initialized with port(s): 8082 (http)
2020-12-03 03:56:34.645 [INFO ] org.apache.coyote.http11.Http11NioProtocol - Initializing ProtocolHandler ["http-nio-8082"]
2020-12-03 03:56:34.646 [INFO ] org.apache.catalina.core.StandardService - Starting service [Tomcat]
2020-12-03 03:56:34.646 [INFO ] org.apache.catalina.core.StandardEngine - Starting Servlet engine: [Apache Tomcat/9.0.37]
2020-12-03 03:56:34.732 [INFO ] org.apache.catalina.core.ContainerBase.[Tomcat].[localhost].[/] - Initializing Spring embedded WebApplicationContext
2020-12-03 03:56:34.733 [INFO ] org.springframework.boot.web.servlet.context.ServletWebServerApplicationContext - Root WebApplicationContext: initialization completed in 1021 ms
2020-12-03 03:56:34.887 [INFO ] org.apache.catalina.core.StandardService - Stopping service [Tomcat]
2020-12-03 03:56:34.898 [INFO ] org.springframework.boot.autoconfigure.logging.ConditionEvaluationReportLoggingListener - 

Error starting ApplicationContext. To display the conditions report re-run your application with 'debug' enabled.
2020-12-03 04:00:39.066 [INFO ] com.forward.XinGuanApplication - Starting XinGuanApplication on LAPTOP-FKDB9B57 with PID 22016 (D:\IntellijIDEA\WorkSpaces\SpringCloudCodes\Codes\xinguan-parent\xinguan-base-web\target\classes started by Acer in D:\IntellijIDEA\WorkSpaces\SpringCloudCodes\Codes\xinguan-parent)
2020-12-03 04:00:39.070 [INFO ] com.forward.XinGuanApplication - No active profile set, falling back to default profiles: default
2020-12-03 04:00:40.136 [INFO ] org.springframework.boot.web.embedded.tomcat.TomcatWebServer - Tomcat initialized with port(s): 8082 (http)
2020-12-03 04:00:40.143 [INFO ] org.apache.coyote.http11.Http11NioProtocol - Initializing ProtocolHandler ["http-nio-8082"]
2020-12-03 04:00:40.144 [INFO ] org.apache.catalina.core.StandardService - Starting service [Tomcat]
2020-12-03 04:00:40.144 [INFO ] org.apache.catalina.core.StandardEngine - Starting Servlet engine: [Apache Tomcat/9.0.37]
2020-12-03 04:00:40.216 [INFO ] org.apache.catalina.core.ContainerBase.[Tomcat].[localhost].[/] - Initializing Spring embedded WebApplicationContext
2020-12-03 04:00:40.216 [INFO ] org.springframework.boot.web.servlet.context.ServletWebServerApplicationContext - Root WebApplicationContext: initialization completed in 1091 ms
2020-12-03 04:00:41.263 [INFO ] springfox.documentation.spring.web.PropertySourcedRequestMappingHandlerMapping - Mapped URL path [/v2/api-docs] onto method [springfox.documentation.swagger2.web.Swagger2Controller#getDocumentation(String, HttpServletRequest)]
2020-12-03 04:00:41.366 [INFO ] org.springframework.scheduling.concurrent.ThreadPoolTaskExecutor - Initializing ExecutorService 'applicationTaskExecutor'
2020-12-03 04:00:41.496 [INFO ] org.apache.coyote.http11.Http11NioProtocol - Starting ProtocolHandler ["http-nio-8082"]
2020-12-03 04:00:41.515 [INFO ] org.springframework.boot.web.embedded.tomcat.TomcatWebServer - Tomcat started on port(s): 8082 (http) with context path ''
2020-12-03 04:00:41.516 [INFO ] springfox.documentation.spring.web.plugins.DocumentationPluginsBootstrapper - Context refreshed
2020-12-03 04:00:41.531 [INFO ] springfox.documentation.spring.web.plugins.DocumentationPluginsBootstrapper - Found 1 custom documentation plugin(s)
2020-12-03 04:00:41.561 [INFO ] springfox.documentation.spring.web.scanners.ApiListingReferenceScanner - Scanning for api listing references
2020-12-03 04:00:41.662 [INFO ] com.forward.XinGuanApplication - Started XinGuanApplication in 3.205 seconds (JVM running for 4.028)
2020-12-03 04:01:51.270 [INFO ] org.apache.catalina.core.ContainerBase.[Tomcat].[localhost].[/] - Initializing Spring DispatcherServlet 'dispatcherServlet'
2020-12-03 04:02:05.017 [INFO ] com.zaxxer.hikari.HikariDataSource - HikariPool-1 - Starting...
2020-12-03 04:02:05.483 [INFO ] com.zaxxer.hikari.HikariDataSource - HikariPool-1 - Start completed.
