2020-12-04 00:42:07.032 [INFO ] com.forward.XinGuanApplication - Starting XinGuanApplication on LAPTOP-FKDB9B57 with PID 20384 (D:\IntellijIDEA\WorkSpaces\SpringCloudCodes\Codes\xinguan-parent\xinguan-base-web\target\classes started by Acer in D:\IntellijIDEA\WorkSpaces\SpringCloudCodes\Codes\xinguan-parent)
2020-12-04 00:42:07.039 [INFO ] com.forward.XinGuanApplication - No active profile set, falling back to default profiles: default
2020-12-04 00:42:08.663 [INFO ] org.springframework.boot.web.embedded.tomcat.TomcatWebServer - Tomcat initialized with port(s): 8082 (http)
2020-12-04 00:42:08.675 [INFO ] org.apache.coyote.http11.Http11NioProtocol - Initializing ProtocolHandler ["http-nio-8082"]
2020-12-04 00:42:08.676 [INFO ] org.apache.catalina.core.StandardService - Starting service [Tomcat]
2020-12-04 00:42:08.676 [INFO ] org.apache.catalina.core.StandardEngine - Starting Servlet engine: [Apache Tomcat/9.0.37]
2020-12-04 00:42:08.783 [INFO ] org.apache.catalina.core.ContainerBase.[Tomcat].[localhost].[/] - Initializing Spring embedded WebApplicationContext
2020-12-04 00:42:08.783 [INFO ] org.springframework.boot.web.servlet.context.ServletWebServerApplicationContext - Root WebApplicationContext: initialization completed in 1631 ms
2020-12-04 00:42:10.912 [INFO ] springfox.documentation.spring.web.PropertySourcedRequestMappingHandlerMapping - Mapped URL path [/v2/api-docs] onto method [springfox.documentation.swagger2.web.Swagger2Controller#getDocumentation(String, HttpServletRequest)]
2020-12-04 00:42:11.027 [INFO ] org.springframework.scheduling.concurrent.ThreadPoolTaskExecutor - Initializing ExecutorService 'applicationTaskExecutor'
2020-12-04 00:42:11.285 [INFO ] org.apache.coyote.http11.Http11NioProtocol - Starting ProtocolHandler ["http-nio-8082"]
2020-12-04 00:42:11.316 [INFO ] org.springframework.boot.web.embedded.tomcat.TomcatWebServer - Tomcat started on port(s): 8082 (http) with context path ''
2020-12-04 00:42:11.319 [INFO ] springfox.documentation.spring.web.plugins.DocumentationPluginsBootstrapper - Context refreshed
2020-12-04 00:42:11.347 [INFO ] springfox.documentation.spring.web.plugins.DocumentationPluginsBootstrapper - Found 1 custom documentation plugin(s)
2020-12-04 00:42:11.406 [INFO ] springfox.documentation.spring.web.scanners.ApiListingReferenceScanner - Scanning for api listing references
2020-12-04 00:42:11.611 [INFO ] com.forward.XinGuanApplication - Started XinGuanApplication in 5.613 seconds (JVM running for 7.419)
2020-12-04 00:42:30.341 [INFO ] org.apache.catalina.core.ContainerBase.[Tomcat].[localhost].[/] - Initializing Spring DispatcherServlet 'dispatcherServlet'
2020-12-04 00:43:00.147 [INFO ] com.zaxxer.hikari.HikariDataSource - HikariPool-1 - Starting...
2020-12-04 00:43:00.739 [INFO ] com.zaxxer.hikari.HikariDataSource - HikariPool-1 - Start completed.
2020-12-04 01:24:00.688 [INFO ] com.forward.XinGuanApplication - Starting XinGuanApplication on LAPTOP-FKDB9B57 with PID 20784 (D:\IntellijIDEA\WorkSpaces\SpringCloudCodes\Codes\xinguan-parent\xinguan-base-web\target\classes started by Acer in D:\IntellijIDEA\WorkSpaces\SpringCloudCodes\Codes\xinguan-parent)
2020-12-04 01:24:00.693 [INFO ] com.forward.XinGuanApplication - No active profile set, falling back to default profiles: default
2020-12-04 01:24:02.329 [INFO ] org.springframework.boot.web.embedded.tomcat.TomcatWebServer - Tomcat initialized with port(s): 8082 (http)
2020-12-04 01:24:02.340 [INFO ] org.apache.coyote.http11.Http11NioProtocol - Initializing ProtocolHandler ["http-nio-8082"]
2020-12-04 01:24:02.341 [INFO ] org.apache.catalina.core.StandardService - Starting service [Tomcat]
2020-12-04 01:24:02.342 [INFO ] org.apache.catalina.core.StandardEngine - Starting Servlet engine: [Apache Tomcat/9.0.37]
2020-12-04 01:24:02.424 [INFO ] org.apache.catalina.core.ContainerBase.[Tomcat].[localhost].[/] - Initializing Spring embedded WebApplicationContext
2020-12-04 01:24:02.425 [INFO ] org.springframework.boot.web.servlet.context.ServletWebServerApplicationContext - Root WebApplicationContext: initialization completed in 1670 ms
2020-12-04 01:24:03.679 [INFO ] springfox.documentation.spring.web.PropertySourcedRequestMappingHandlerMapping - Mapped URL path [/v2/api-docs] onto method [springfox.documentation.swagger2.web.Swagger2Controller#getDocumentation(String, HttpServletRequest)]
2020-12-04 01:24:03.769 [INFO ] org.springframework.scheduling.concurrent.ThreadPoolTaskExecutor - Initializing ExecutorService 'applicationTaskExecutor'
2020-12-04 01:24:03.951 [INFO ] org.apache.coyote.http11.Http11NioProtocol - Starting ProtocolHandler ["http-nio-8082"]
2020-12-04 01:24:03.977 [INFO ] org.springframework.boot.web.embedded.tomcat.TomcatWebServer - Tomcat started on port(s): 8082 (http) with context path ''
2020-12-04 01:24:03.979 [INFO ] springfox.documentation.spring.web.plugins.DocumentationPluginsBootstrapper - Context refreshed
2020-12-04 01:24:04.000 [INFO ] springfox.documentation.spring.web.plugins.DocumentationPluginsBootstrapper - Found 1 custom documentation plugin(s)
2020-12-04 01:24:04.045 [INFO ] springfox.documentation.spring.web.scanners.ApiListingReferenceScanner - Scanning for api listing references
2020-12-04 01:24:04.196 [INFO ] com.forward.XinGuanApplication - Started XinGuanApplication in 4.127 seconds (JVM running for 4.92)
2020-12-04 01:24:05.519 [INFO ] org.apache.catalina.core.ContainerBase.[Tomcat].[localhost].[/] - Initializing Spring DispatcherServlet 'dispatcherServlet'
2020-12-04 01:24:50.292 [INFO ] com.zaxxer.hikari.HikariDataSource - HikariPool-1 - Starting...
2020-12-04 01:24:50.734 [INFO ] com.zaxxer.hikari.HikariDataSource - HikariPool-1 - Start completed.
2020-12-04 01:44:19.069 [INFO ] com.forward.XinGuanApplication - Starting XinGuanApplication on LAPTOP-FKDB9B57 with PID 6600 (D:\IntellijIDEA\WorkSpaces\SpringCloudCodes\Codes\xinguan-parent\xinguan-base-web\target\classes started by Acer in D:\IntellijIDEA\WorkSpaces\SpringCloudCodes\Codes\xinguan-parent)
2020-12-04 01:44:19.073 [INFO ] com.forward.XinGuanApplication - No active profile set, falling back to default profiles: default
2020-12-04 01:44:20.367 [INFO ] org.springframework.boot.web.embedded.tomcat.TomcatWebServer - Tomcat initialized with port(s): 8082 (http)
2020-12-04 01:44:20.378 [INFO ] org.apache.coyote.http11.Http11NioProtocol - Initializing ProtocolHandler ["http-nio-8082"]
2020-12-04 01:44:20.379 [INFO ] org.apache.catalina.core.StandardService - Starting service [Tomcat]
2020-12-04 01:44:20.380 [INFO ] org.apache.catalina.core.StandardEngine - Starting Servlet engine: [Apache Tomcat/9.0.37]
2020-12-04 01:44:20.473 [INFO ] org.apache.catalina.core.ContainerBase.[Tomcat].[localhost].[/] - Initializing Spring embedded WebApplicationContext
2020-12-04 01:44:20.474 [INFO ] org.springframework.boot.web.servlet.context.ServletWebServerApplicationContext - Root WebApplicationContext: initialization completed in 1344 ms
2020-12-04 01:44:21.619 [INFO ] springfox.documentation.spring.web.PropertySourcedRequestMappingHandlerMapping - Mapped URL path [/v2/api-docs] onto method [springfox.documentation.swagger2.web.Swagger2Controller#getDocumentation(String, HttpServletRequest)]
2020-12-04 01:44:21.702 [INFO ] org.springframework.scheduling.concurrent.ThreadPoolTaskExecutor - Initializing ExecutorService 'applicationTaskExecutor'
2020-12-04 01:44:21.864 [INFO ] org.apache.coyote.http11.Http11NioProtocol - Starting ProtocolHandler ["http-nio-8082"]
2020-12-04 01:44:21.886 [INFO ] org.springframework.boot.web.embedded.tomcat.TomcatWebServer - Tomcat started on port(s): 8082 (http) with context path ''
2020-12-04 01:44:21.887 [INFO ] springfox.documentation.spring.web.plugins.DocumentationPluginsBootstrapper - Context refreshed
2020-12-04 01:44:21.900 [INFO ] springfox.documentation.spring.web.plugins.DocumentationPluginsBootstrapper - Found 1 custom documentation plugin(s)
2020-12-04 01:44:21.933 [INFO ] springfox.documentation.spring.web.scanners.ApiListingReferenceScanner - Scanning for api listing references
2020-12-04 01:44:22.085 [INFO ] com.forward.XinGuanApplication - Started XinGuanApplication in 3.54 seconds (JVM running for 4.442)
2020-12-04 01:45:13.179 [INFO ] org.apache.catalina.core.ContainerBase.[Tomcat].[localhost].[/] - Initializing Spring DispatcherServlet 'dispatcherServlet'
2020-12-04 01:45:13.247 [INFO ] com.zaxxer.hikari.HikariDataSource - HikariPool-1 - Starting...
2020-12-04 01:45:13.757 [INFO ] com.zaxxer.hikari.HikariDataSource - HikariPool-1 - Start completed.
2020-12-04 01:55:20.197 [INFO ] com.forward.XinGuanApplication - Starting XinGuanApplication on LAPTOP-FKDB9B57 with PID 4284 (D:\IntellijIDEA\WorkSpaces\SpringCloudCodes\Codes\xinguan-parent\xinguan-base-web\target\classes started by Acer in D:\IntellijIDEA\WorkSpaces\SpringCloudCodes\Codes\xinguan-parent)
2020-12-04 01:55:20.200 [INFO ] com.forward.XinGuanApplication - No active profile set, falling back to default profiles: default
2020-12-04 01:55:21.403 [INFO ] org.springframework.boot.web.embedded.tomcat.TomcatWebServer - Tomcat initialized with port(s): 8082 (http)
2020-12-04 01:55:21.411 [INFO ] org.apache.coyote.http11.Http11NioProtocol - Initializing ProtocolHandler ["http-nio-8082"]
2020-12-04 01:55:21.411 [INFO ] org.apache.catalina.core.StandardService - Starting service [Tomcat]
2020-12-04 01:55:21.412 [INFO ] org.apache.catalina.core.StandardEngine - Starting Servlet engine: [Apache Tomcat/9.0.37]
2020-12-04 01:55:21.487 [INFO ] org.apache.catalina.core.ContainerBase.[Tomcat].[localhost].[/] - Initializing Spring embedded WebApplicationContext
2020-12-04 01:55:21.487 [INFO ] org.springframework.boot.web.servlet.context.ServletWebServerApplicationContext - Root WebApplicationContext: initialization completed in 1228 ms
2020-12-04 01:55:22.497 [INFO ] springfox.documentation.spring.web.PropertySourcedRequestMappingHandlerMapping - Mapped URL path [/v2/api-docs] onto method [springfox.documentation.swagger2.web.Swagger2Controller#getDocumentation(String, HttpServletRequest)]
2020-12-04 01:55:22.559 [INFO ] org.springframework.scheduling.concurrent.ThreadPoolTaskExecutor - Initializing ExecutorService 'applicationTaskExecutor'
2020-12-04 01:55:22.678 [INFO ] org.apache.coyote.http11.Http11NioProtocol - Starting ProtocolHandler ["http-nio-8082"]
2020-12-04 01:55:22.694 [INFO ] org.springframework.boot.web.embedded.tomcat.TomcatWebServer - Tomcat started on port(s): 8082 (http) with context path ''
2020-12-04 01:55:22.695 [INFO ] springfox.documentation.spring.web.plugins.DocumentationPluginsBootstrapper - Context refreshed
2020-12-04 01:55:22.707 [INFO ] springfox.documentation.spring.web.plugins.DocumentationPluginsBootstrapper - Found 1 custom documentation plugin(s)
2020-12-04 01:55:22.734 [INFO ] springfox.documentation.spring.web.scanners.ApiListingReferenceScanner - Scanning for api listing references
2020-12-04 01:55:22.841 [INFO ] com.forward.XinGuanApplication - Started XinGuanApplication in 3.08 seconds (JVM running for 3.893)
2020-12-04 01:55:31.963 [INFO ] org.apache.catalina.core.ContainerBase.[Tomcat].[localhost].[/] - Initializing Spring DispatcherServlet 'dispatcherServlet'
2020-12-04 01:55:32.010 [INFO ] com.zaxxer.hikari.HikariDataSource - HikariPool-1 - Starting...
2020-12-04 01:55:32.434 [INFO ] com.zaxxer.hikari.HikariDataSource - HikariPool-1 - Start completed.
2020-12-04 01:57:56.696 [INFO ] com.forward.XinGuanApplication - Starting XinGuanApplication on LAPTOP-FKDB9B57 with PID 11272 (D:\IntellijIDEA\WorkSpaces\SpringCloudCodes\Codes\xinguan-parent\xinguan-base-web\target\classes started by Acer in D:\IntellijIDEA\WorkSpaces\SpringCloudCodes\Codes\xinguan-parent)
2020-12-04 01:57:56.700 [INFO ] com.forward.XinGuanApplication - No active profile set, falling back to default profiles: default
2020-12-04 01:57:57.911 [INFO ] org.springframework.boot.web.embedded.tomcat.TomcatWebServer - Tomcat initialized with port(s): 8082 (http)
2020-12-04 01:57:57.917 [INFO ] org.apache.coyote.http11.Http11NioProtocol - Initializing ProtocolHandler ["http-nio-8082"]
2020-12-04 01:57:57.918 [INFO ] org.apache.catalina.core.StandardService - Starting service [Tomcat]
2020-12-04 01:57:57.918 [INFO ] org.apache.catalina.core.StandardEngine - Starting Servlet engine: [Apache Tomcat/9.0.37]
2020-12-04 01:57:57.986 [INFO ] org.apache.catalina.core.ContainerBase.[Tomcat].[localhost].[/] - Initializing Spring embedded WebApplicationContext
2020-12-04 01:57:57.986 [INFO ] org.springframework.boot.web.servlet.context.ServletWebServerApplicationContext - Root WebApplicationContext: initialization completed in 1233 ms
2020-12-04 01:57:58.986 [INFO ] springfox.documentation.spring.web.PropertySourcedRequestMappingHandlerMapping - Mapped URL path [/v2/api-docs] onto method [springfox.documentation.swagger2.web.Swagger2Controller#getDocumentation(String, HttpServletRequest)]
2020-12-04 01:57:59.047 [INFO ] org.springframework.scheduling.concurrent.ThreadPoolTaskExecutor - Initializing ExecutorService 'applicationTaskExecutor'
2020-12-04 01:57:59.170 [INFO ] org.apache.coyote.http11.Http11NioProtocol - Starting ProtocolHandler ["http-nio-8082"]
2020-12-04 01:57:59.186 [INFO ] org.springframework.boot.web.embedded.tomcat.TomcatWebServer - Tomcat started on port(s): 8082 (http) with context path ''
2020-12-04 01:57:59.187 [INFO ] springfox.documentation.spring.web.plugins.DocumentationPluginsBootstrapper - Context refreshed
2020-12-04 01:57:59.198 [INFO ] springfox.documentation.spring.web.plugins.DocumentationPluginsBootstrapper - Found 1 custom documentation plugin(s)
2020-12-04 01:57:59.225 [INFO ] springfox.documentation.spring.web.scanners.ApiListingReferenceScanner - Scanning for api listing references
2020-12-04 01:57:59.326 [INFO ] com.forward.XinGuanApplication - Started XinGuanApplication in 3.068 seconds (JVM running for 3.779)
2020-12-04 01:58:07.948 [INFO ] org.apache.catalina.core.ContainerBase.[Tomcat].[localhost].[/] - Initializing Spring DispatcherServlet 'dispatcherServlet'
2020-12-04 01:58:07.994 [INFO ] com.zaxxer.hikari.HikariDataSource - HikariPool-1 - Starting...
2020-12-04 01:58:08.406 [INFO ] com.zaxxer.hikari.HikariDataSource - HikariPool-1 - Start completed.
2020-12-04 02:01:50.542 [INFO ] com.forward.XinGuanApplication - Starting XinGuanApplication on LAPTOP-FKDB9B57 with PID 20016 (D:\IntellijIDEA\WorkSpaces\SpringCloudCodes\Codes\xinguan-parent\xinguan-base-web\target\classes started by Acer in D:\IntellijIDEA\WorkSpaces\SpringCloudCodes\Codes\xinguan-parent)
2020-12-04 02:01:50.546 [INFO ] com.forward.XinGuanApplication - No active profile set, falling back to default profiles: default
2020-12-04 02:01:51.650 [INFO ] org.springframework.boot.web.embedded.tomcat.TomcatWebServer - Tomcat initialized with port(s): 8082 (http)
2020-12-04 02:01:51.656 [INFO ] org.apache.coyote.http11.Http11NioProtocol - Initializing ProtocolHandler ["http-nio-8082"]
2020-12-04 02:01:51.657 [INFO ] org.apache.catalina.core.StandardService - Starting service [Tomcat]
2020-12-04 02:01:51.657 [INFO ] org.apache.catalina.core.StandardEngine - Starting Servlet engine: [Apache Tomcat/9.0.37]
2020-12-04 02:01:51.740 [INFO ] org.apache.catalina.core.ContainerBase.[Tomcat].[localhost].[/] - Initializing Spring embedded WebApplicationContext
2020-12-04 02:01:51.740 [INFO ] org.springframework.boot.web.servlet.context.ServletWebServerApplicationContext - Root WebApplicationContext: initialization completed in 1137 ms
2020-12-04 02:01:52.812 [INFO ] springfox.documentation.spring.web.PropertySourcedRequestMappingHandlerMapping - Mapped URL path [/v2/api-docs] onto method [springfox.documentation.swagger2.web.Swagger2Controller#getDocumentation(String, HttpServletRequest)]
2020-12-04 02:01:52.871 [INFO ] org.springframework.scheduling.concurrent.ThreadPoolTaskExecutor - Initializing ExecutorService 'applicationTaskExecutor'
2020-12-04 02:01:52.989 [INFO ] org.apache.coyote.http11.Http11NioProtocol - Starting ProtocolHandler ["http-nio-8082"]
2020-12-04 02:01:53.006 [INFO ] org.springframework.boot.web.embedded.tomcat.TomcatWebServer - Tomcat started on port(s): 8082 (http) with context path ''
2020-12-04 02:01:53.007 [INFO ] springfox.documentation.spring.web.plugins.DocumentationPluginsBootstrapper - Context refreshed
2020-12-04 02:01:53.017 [INFO ] springfox.documentation.spring.web.plugins.DocumentationPluginsBootstrapper - Found 1 custom documentation plugin(s)
2020-12-04 02:01:53.044 [INFO ] springfox.documentation.spring.web.scanners.ApiListingReferenceScanner - Scanning for api listing references
2020-12-04 02:01:53.142 [INFO ] com.forward.XinGuanApplication - Started XinGuanApplication in 3.06 seconds (JVM running for 3.828)
2020-12-04 02:02:00.073 [INFO ] org.apache.catalina.core.ContainerBase.[Tomcat].[localhost].[/] - Initializing Spring DispatcherServlet 'dispatcherServlet'
2020-12-04 02:02:00.122 [INFO ] com.zaxxer.hikari.HikariDataSource - HikariPool-1 - Starting...
2020-12-04 02:02:00.533 [INFO ] com.zaxxer.hikari.HikariDataSource - HikariPool-1 - Start completed.
