2020-12-12 17:08:11.845 [http-nio-8082-exec-6] WARN 
                o.s.w.s.m.m.a.ExceptionHandlerExceptionResolver - Failure in @ExceptionHandler com.forward.handler.GlobalExceptionHandler#error(Exception)
org.springframework.http.converter.HttpMessageNotWritableException: No converter for [class com.forward.response.Result] with preset Content-Type 'application/vnd.ms-excel;charset=UTF-8'
	at org.springframework.web.servlet.mvc.method.annotation.AbstractMessageConverterMethodProcessor.writeWithMessageConverters(AbstractMessageConverterMethodProcessor.java:309)
	at org.springframework.web.servlet.mvc.method.annotation.RequestResponseBodyMethodProcessor.handleReturnValue(RequestResponseBodyMethodProcessor.java:181)
	at org.springframework.web.method.support.HandlerMethodReturnValueHandlerComposite.handleReturnValue(HandlerMethodReturnValueHandlerComposite.java:82)
	at org.springframework.web.servlet.mvc.method.annotation.ServletInvocableHandlerMethod.invokeAndHandle(ServletInvocableHandlerMethod.java:123)
	at org.springframework.web.servlet.mvc.method.annotation.ExceptionHandlerExceptionResolver.doResolveHandlerMethodException(ExceptionHandlerExceptionResolver.java:407)
	at org.springframework.web.servlet.handler.AbstractHandlerMethodExceptionResolver.doResolveException(AbstractHandlerMethodExceptionResolver.java:61)
	at org.springframework.web.servlet.handler.AbstractHandlerExceptionResolver.resolveException(AbstractHandlerExceptionResolver.java:141)
	at org.springframework.web.servlet.handler.HandlerExceptionResolverComposite.resolveException(HandlerExceptionResolverComposite.java:80)
	at org.springframework.web.servlet.DispatcherServlet.processHandlerException(DispatcherServlet.java:1300)
	at org.springframework.web.servlet.DispatcherServlet.processDispatchResult(DispatcherServlet.java:1111)
	at org.springframework.web.servlet.DispatcherServlet.doDispatch(DispatcherServlet.java:1057)
	at org.springframework.web.servlet.DispatcherServlet.doService(DispatcherServlet.java:943)
	at org.springframework.web.servlet.FrameworkServlet.processRequest(FrameworkServlet.java:1006)
	at org.springframework.web.servlet.FrameworkServlet.doPost(FrameworkServlet.java:909)
	at javax.servlet.http.HttpServlet.service(HttpServlet.java:652)
	at org.springframework.web.servlet.FrameworkServlet.service(FrameworkServlet.java:883)
	at javax.servlet.http.HttpServlet.service(HttpServlet.java:733)
	at org.apache.catalina.core.ApplicationFilterChain.internalDoFilter(ApplicationFilterChain.java:231)
	at org.apache.catalina.core.ApplicationFilterChain.doFilter(ApplicationFilterChain.java:166)
	at org.apache.tomcat.websocket.server.WsFilter.doFilter(WsFilter.java:53)
	at org.apache.catalina.core.ApplicationFilterChain.internalDoFilter(ApplicationFilterChain.java:193)
	at org.apache.catalina.core.ApplicationFilterChain.doFilter(ApplicationFilterChain.java:166)
	at org.springframework.security.web.FilterChainProxy$VirtualFilterChain.doFilter(FilterChainProxy.java:320)
	at org.springframework.security.web.access.ExceptionTranslationFilter.doFilter(ExceptionTranslationFilter.java:118)
	at org.springframework.security.web.FilterChainProxy$VirtualFilterChain.doFilter(FilterChainProxy.java:334)
	at org.springframework.security.web.session.SessionManagementFilter.doFilter(SessionManagementFilter.java:137)
	at org.springframework.security.web.FilterChainProxy$VirtualFilterChain.doFilter(FilterChainProxy.java:334)
	at org.springframework.security.web.authentication.AnonymousAuthenticationFilter.doFilter(AnonymousAuthenticationFilter.java:111)
	at org.springframework.security.web.FilterChainProxy$VirtualFilterChain.doFilter(FilterChainProxy.java:334)
	at org.springframework.security.web.servletapi.SecurityContextHolderAwareRequestFilter.doFilter(SecurityContextHolderAwareRequestFilter.java:158)
	at org.springframework.security.web.FilterChainProxy$VirtualFilterChain.doFilter(FilterChainProxy.java:334)
	at org.springframework.security.web.savedrequest.RequestCacheAwareFilter.doFilter(RequestCacheAwareFilter.java:63)
	at org.springframework.security.web.FilterChainProxy$VirtualFilterChain.doFilter(FilterChainProxy.java:334)
	at org.springframework.security.web.authentication.logout.LogoutFilter.doFilter(LogoutFilter.java:116)
	at org.springframework.security.web.FilterChainProxy$VirtualFilterChain.doFilter(FilterChainProxy.java:334)
	at org.springframework.security.web.header.HeaderWriterFilter.doHeadersAfter(HeaderWriterFilter.java:92)
	at org.springframework.security.web.header.HeaderWriterFilter.doFilterInternal(HeaderWriterFilter.java:77)
	at org.springframework.web.filter.OncePerRequestFilter.doFilter(OncePerRequestFilter.java:119)
	at org.springframework.security.web.FilterChainProxy$VirtualFilterChain.doFilter(FilterChainProxy.java:334)
	at org.springframework.security.web.context.SecurityContextPersistenceFilter.doFilter(SecurityContextPersistenceFilter.java:105)
	at org.springframework.security.web.FilterChainProxy$VirtualFilterChain.doFilter(FilterChainProxy.java:334)
	at org.springframework.security.web.context.request.async.WebAsyncManagerIntegrationFilter.doFilterInternal(WebAsyncManagerIntegrationFilter.java:56)
	at org.springframework.web.filter.OncePerRequestFilter.doFilter(OncePerRequestFilter.java:119)
	at org.springframework.security.web.FilterChainProxy$VirtualFilterChain.doFilter(FilterChainProxy.java:334)
	at org.springframework.security.web.FilterChainProxy.doFilterInternal(FilterChainProxy.java:215)
	at org.springframework.security.web.FilterChainProxy.doFilter(FilterChainProxy.java:178)
	at org.springframework.web.filter.DelegatingFilterProxy.invokeDelegate(DelegatingFilterProxy.java:358)
	at org.springframework.web.filter.DelegatingFilterProxy.doFilter(DelegatingFilterProxy.java:271)
	at org.apache.catalina.core.ApplicationFilterChain.internalDoFilter(ApplicationFilterChain.java:193)
	at org.apache.catalina.core.ApplicationFilterChain.doFilter(ApplicationFilterChain.java:166)
	at org.springframework.web.filter.RequestContextFilter.doFilterInternal(RequestContextFilter.java:100)
	at org.springframework.web.filter.OncePerRequestFilter.doFilter(OncePerRequestFilter.java:119)
	at org.apache.catalina.core.ApplicationFilterChain.internalDoFilter(ApplicationFilterChain.java:193)
	at org.apache.catalina.core.ApplicationFilterChain.doFilter(ApplicationFilterChain.java:166)
	at org.springframework.web.filter.FormContentFilter.doFilterInternal(FormContentFilter.java:93)
	at org.springframework.web.filter.OncePerRequestFilter.doFilter(OncePerRequestFilter.java:119)
	at org.apache.catalina.core.ApplicationFilterChain.internalDoFilter(ApplicationFilterChain.java:193)
	at org.apache.catalina.core.ApplicationFilterChain.doFilter(ApplicationFilterChain.java:166)
	at org.springframework.web.filter.CharacterEncodingFilter.doFilterInternal(CharacterEncodingFilter.java:201)
	at org.springframework.web.filter.OncePerRequestFilter.doFilter(OncePerRequestFilter.java:119)
	at org.apache.catalina.core.ApplicationFilterChain.internalDoFilter(ApplicationFilterChain.java:193)
	at org.apache.catalina.core.ApplicationFilterChain.doFilter(ApplicationFilterChain.java:166)
	at org.apache.catalina.core.StandardWrapperValve.invoke(StandardWrapperValve.java:202)
	at org.apache.catalina.core.StandardContextValve.invoke(StandardContextValve.java:96)
	at org.apache.catalina.authenticator.AuthenticatorBase.invoke(AuthenticatorBase.java:541)
	at org.apache.catalina.core.StandardHostValve.invoke(StandardHostValve.java:139)
	at org.apache.catalina.valves.ErrorReportValve.invoke(ErrorReportValve.java:92)
	at org.apache.catalina.core.StandardEngineValve.invoke(StandardEngineValve.java:74)
	at org.apache.catalina.connector.CoyoteAdapter.service(CoyoteAdapter.java:343)
	at org.apache.coyote.http11.Http11Processor.service(Http11Processor.java:373)
	at org.apache.coyote.AbstractProcessorLight.process(AbstractProcessorLight.java:65)
	at org.apache.coyote.AbstractProtocol$ConnectionHandler.process(AbstractProtocol.java:868)
	at org.apache.tomcat.util.net.NioEndpoint$SocketProcessor.doRun(NioEndpoint.java:1589)
	at org.apache.tomcat.util.net.SocketProcessorBase.run(SocketProcessorBase.java:49)
	at java.util.concurrent.ThreadPoolExecutor.runWorker(ThreadPoolExecutor.java:1142)
	at java.util.concurrent.ThreadPoolExecutor$Worker.run(ThreadPoolExecutor.java:617)
	at org.apache.tomcat.util.threads.TaskThread$WrappingRunnable.run(TaskThread.java:61)
	at java.lang.Thread.run(Thread.java:748)
2020-12-12 17:08:11.850 [http-nio-8082-exec-6] WARN 
                o.s.w.s.m.support.DefaultHandlerExceptionResolver - Failure while trying to resolve exception [org.springframework.http.converter.HttpMessageNotWritableException]
java.lang.IllegalStateException: Cannot call sendError() after the response has been committed
	at org.apache.catalina.connector.ResponseFacade.sendError(ResponseFacade.java:472)
	at javax.servlet.http.HttpServletResponseWrapper.sendError(HttpServletResponseWrapper.java:129)
	at javax.servlet.http.HttpServletResponseWrapper.sendError(HttpServletResponseWrapper.java:129)
	at org.springframework.security.web.util.OnCommittedResponseWrapper.sendError(OnCommittedResponseWrapper.java:115)
	at javax.servlet.http.HttpServletResponseWrapper.sendError(HttpServletResponseWrapper.java:129)
	at org.springframework.security.web.util.OnCommittedResponseWrapper.sendError(OnCommittedResponseWrapper.java:115)
	at org.springframework.web.servlet.mvc.support.DefaultHandlerExceptionResolver.sendServerError(DefaultHandlerExceptionResolver.java:550)
	at org.springframework.web.servlet.mvc.support.DefaultHandlerExceptionResolver.handleHttpMessageNotWritable(DefaultHandlerExceptionResolver.java:440)
	at org.springframework.web.servlet.mvc.support.DefaultHandlerExceptionResolver.doResolveException(DefaultHandlerExceptionResolver.java:210)
	at org.springframework.web.servlet.handler.AbstractHandlerExceptionResolver.resolveException(AbstractHandlerExceptionResolver.java:141)
	at org.springframework.web.servlet.handler.HandlerExceptionResolverComposite.resolveException(HandlerExceptionResolverComposite.java:80)
	at org.springframework.web.servlet.DispatcherServlet.processHandlerException(DispatcherServlet.java:1300)
	at org.springframework.web.servlet.DispatcherServlet.processDispatchResult(DispatcherServlet.java:1111)
	at org.springframework.web.servlet.DispatcherServlet.doDispatch(DispatcherServlet.java:1057)
	at org.springframework.web.servlet.DispatcherServlet.doService(DispatcherServlet.java:943)
	at org.springframework.web.servlet.FrameworkServlet.processRequest(FrameworkServlet.java:1006)
	at org.springframework.web.servlet.FrameworkServlet.doPost(FrameworkServlet.java:909)
	at javax.servlet.http.HttpServlet.service(HttpServlet.java:652)
	at org.springframework.web.servlet.FrameworkServlet.service(FrameworkServlet.java:883)
	at javax.servlet.http.HttpServlet.service(HttpServlet.java:733)
	at org.apache.catalina.core.ApplicationFilterChain.internalDoFilter(ApplicationFilterChain.java:231)
	at org.apache.catalina.core.ApplicationFilterChain.doFilter(ApplicationFilterChain.java:166)
	at org.apache.tomcat.websocket.server.WsFilter.doFilter(WsFilter.java:53)
	at org.apache.catalina.core.ApplicationFilterChain.internalDoFilter(ApplicationFilterChain.java:193)
	at org.apache.catalina.core.ApplicationFilterChain.doFilter(ApplicationFilterChain.java:166)
	at org.springframework.security.web.FilterChainProxy$VirtualFilterChain.doFilter(FilterChainProxy.java:320)
	at org.springframework.security.web.access.ExceptionTranslationFilter.doFilter(ExceptionTranslationFilter.java:118)
	at org.springframework.security.web.FilterChainProxy$VirtualFilterChain.doFilter(FilterChainProxy.java:334)
	at org.springframework.security.web.session.SessionManagementFilter.doFilter(SessionManagementFilter.java:137)
	at org.springframework.security.web.FilterChainProxy$VirtualFilterChain.doFilter(FilterChainProxy.java:334)
	at org.springframework.security.web.authentication.AnonymousAuthenticationFilter.doFilter(AnonymousAuthenticationFilter.java:111)
	at org.springframework.security.web.FilterChainProxy$VirtualFilterChain.doFilter(FilterChainProxy.java:334)
	at org.springframework.security.web.servletapi.SecurityContextHolderAwareRequestFilter.doFilter(SecurityContextHolderAwareRequestFilter.java:158)
	at org.springframework.security.web.FilterChainProxy$VirtualFilterChain.doFilter(FilterChainProxy.java:334)
	at org.springframework.security.web.savedrequest.RequestCacheAwareFilter.doFilter(RequestCacheAwareFilter.java:63)
	at org.springframework.security.web.FilterChainProxy$VirtualFilterChain.doFilter(FilterChainProxy.java:334)
	at org.springframework.security.web.authentication.logout.LogoutFilter.doFilter(LogoutFilter.java:116)
	at org.springframework.security.web.FilterChainProxy$VirtualFilterChain.doFilter(FilterChainProxy.java:334)
	at org.springframework.security.web.header.HeaderWriterFilter.doHeadersAfter(HeaderWriterFilter.java:92)
	at org.springframework.security.web.header.HeaderWriterFilter.doFilterInternal(HeaderWriterFilter.java:77)
	at org.springframework.web.filter.OncePerRequestFilter.doFilter(OncePerRequestFilter.java:119)
	at org.springframework.security.web.FilterChainProxy$VirtualFilterChain.doFilter(FilterChainProxy.java:334)
	at org.springframework.security.web.context.SecurityContextPersistenceFilter.doFilter(SecurityContextPersistenceFilter.java:105)
	at org.springframework.security.web.FilterChainProxy$VirtualFilterChain.doFilter(FilterChainProxy.java:334)
	at org.springframework.security.web.context.request.async.WebAsyncManagerIntegrationFilter.doFilterInternal(WebAsyncManagerIntegrationFilter.java:56)
	at org.springframework.web.filter.OncePerRequestFilter.doFilter(OncePerRequestFilter.java:119)
	at org.springframework.security.web.FilterChainProxy$VirtualFilterChain.doFilter(FilterChainProxy.java:334)
	at org.springframework.security.web.FilterChainProxy.doFilterInternal(FilterChainProxy.java:215)
	at org.springframework.security.web.FilterChainProxy.doFilter(FilterChainProxy.java:178)
	at org.springframework.web.filter.DelegatingFilterProxy.invokeDelegate(DelegatingFilterProxy.java:358)
	at org.springframework.web.filter.DelegatingFilterProxy.doFilter(DelegatingFilterProxy.java:271)
	at org.apache.catalina.core.ApplicationFilterChain.internalDoFilter(ApplicationFilterChain.java:193)
	at org.apache.catalina.core.ApplicationFilterChain.doFilter(ApplicationFilterChain.java:166)
	at org.springframework.web.filter.RequestContextFilter.doFilterInternal(RequestContextFilter.java:100)
	at org.springframework.web.filter.OncePerRequestFilter.doFilter(OncePerRequestFilter.java:119)
	at org.apache.catalina.core.ApplicationFilterChain.internalDoFilter(ApplicationFilterChain.java:193)
	at org.apache.catalina.core.ApplicationFilterChain.doFilter(ApplicationFilterChain.java:166)
	at org.springframework.web.filter.FormContentFilter.doFilterInternal(FormContentFilter.java:93)
	at org.springframework.web.filter.OncePerRequestFilter.doFilter(OncePerRequestFilter.java:119)
	at org.apache.catalina.core.ApplicationFilterChain.internalDoFilter(ApplicationFilterChain.java:193)
	at org.apache.catalina.core.ApplicationFilterChain.doFilter(ApplicationFilterChain.java:166)
	at org.springframework.web.filter.CharacterEncodingFilter.doFilterInternal(CharacterEncodingFilter.java:201)
	at org.springframework.web.filter.OncePerRequestFilter.doFilter(OncePerRequestFilter.java:119)
	at org.apache.catalina.core.ApplicationFilterChain.internalDoFilter(ApplicationFilterChain.java:193)
	at org.apache.catalina.core.ApplicationFilterChain.doFilter(ApplicationFilterChain.java:166)
	at org.apache.catalina.core.StandardWrapperValve.invoke(StandardWrapperValve.java:202)
	at org.apache.catalina.core.StandardContextValve.invoke(StandardContextValve.java:96)
	at org.apache.catalina.authenticator.AuthenticatorBase.invoke(AuthenticatorBase.java:541)
	at org.apache.catalina.core.StandardHostValve.invoke(StandardHostValve.java:139)
	at org.apache.catalina.valves.ErrorReportValve.invoke(ErrorReportValve.java:92)
	at org.apache.catalina.core.StandardEngineValve.invoke(StandardEngineValve.java:74)
	at org.apache.catalina.connector.CoyoteAdapter.service(CoyoteAdapter.java:343)
	at org.apache.coyote.http11.Http11Processor.service(Http11Processor.java:373)
	at org.apache.coyote.AbstractProcessorLight.process(AbstractProcessorLight.java:65)
	at org.apache.coyote.AbstractProtocol$ConnectionHandler.process(AbstractProtocol.java:868)
	at org.apache.tomcat.util.net.NioEndpoint$SocketProcessor.doRun(NioEndpoint.java:1589)
	at org.apache.tomcat.util.net.SocketProcessorBase.run(SocketProcessorBase.java:49)
	at java.util.concurrent.ThreadPoolExecutor.runWorker(ThreadPoolExecutor.java:1142)
	at java.util.concurrent.ThreadPoolExecutor$Worker.run(ThreadPoolExecutor.java:617)
	at org.apache.tomcat.util.threads.TaskThread$WrappingRunnable.run(TaskThread.java:61)
	at java.lang.Thread.run(Thread.java:748)
2020-12-12 17:08:11.861 [http-nio-8082-exec-6] WARN 
                o.s.w.s.m.m.a.ExceptionHandlerExceptionResolver - Failure in @ExceptionHandler com.forward.handler.GlobalExceptionHandler#error(Exception)
org.springframework.http.converter.HttpMessageNotWritableException: No converter for [class com.forward.response.Result] with preset Content-Type 'application/vnd.ms-excel;charset=UTF-8'
	at org.springframework.web.servlet.mvc.method.annotation.AbstractMessageConverterMethodProcessor.writeWithMessageConverters(AbstractMessageConverterMethodProcessor.java:309)
	at org.springframework.web.servlet.mvc.method.annotation.RequestResponseBodyMethodProcessor.handleReturnValue(RequestResponseBodyMethodProcessor.java:181)
	at org.springframework.web.method.support.HandlerMethodReturnValueHandlerComposite.handleReturnValue(HandlerMethodReturnValueHandlerComposite.java:82)
	at org.springframework.web.servlet.mvc.method.annotation.ServletInvocableHandlerMethod.invokeAndHandle(ServletInvocableHandlerMethod.java:123)
	at org.springframework.web.servlet.mvc.method.annotation.ExceptionHandlerExceptionResolver.doResolveHandlerMethodException(ExceptionHandlerExceptionResolver.java:407)
	at org.springframework.web.servlet.handler.AbstractHandlerMethodExceptionResolver.doResolveException(AbstractHandlerMethodExceptionResolver.java:61)
	at org.springframework.web.servlet.handler.AbstractHandlerExceptionResolver.resolveException(AbstractHandlerExceptionResolver.java:141)
	at org.springframework.web.servlet.handler.HandlerExceptionResolverComposite.resolveException(HandlerExceptionResolverComposite.java:80)
	at org.springframework.web.servlet.DispatcherServlet.processHandlerException(DispatcherServlet.java:1300)
	at org.springframework.web.servlet.DispatcherServlet.processDispatchResult(DispatcherServlet.java:1111)
	at org.springframework.web.servlet.DispatcherServlet.doDispatch(DispatcherServlet.java:1057)
	at org.springframework.web.servlet.DispatcherServlet.doService(DispatcherServlet.java:943)
	at org.springframework.web.servlet.FrameworkServlet.processRequest(FrameworkServlet.java:1006)
	at org.springframework.web.servlet.FrameworkServlet.doPost(FrameworkServlet.java:909)
	at javax.servlet.http.HttpServlet.service(HttpServlet.java:652)
	at org.springframework.web.servlet.FrameworkServlet.service(FrameworkServlet.java:883)
	at javax.servlet.http.HttpServlet.service(HttpServlet.java:733)
	at org.apache.catalina.core.ApplicationFilterChain.internalDoFilter(ApplicationFilterChain.java:231)
	at org.apache.catalina.core.ApplicationFilterChain.doFilter(ApplicationFilterChain.java:166)
	at org.springframework.web.filter.RequestContextFilter.doFilterInternal(RequestContextFilter.java:100)
	at org.springframework.web.filter.OncePerRequestFilter.doFilter(OncePerRequestFilter.java:119)
	at org.apache.catalina.core.ApplicationFilterChain.internalDoFilter(ApplicationFilterChain.java:193)
	at org.apache.catalina.core.ApplicationFilterChain.doFilter(ApplicationFilterChain.java:166)
	at org.springframework.web.filter.OncePerRequestFilter.doFilter(OncePerRequestFilter.java:103)
	at org.apache.catalina.core.ApplicationFilterChain.internalDoFilter(ApplicationFilterChain.java:193)
	at org.apache.catalina.core.ApplicationFilterChain.doFilter(ApplicationFilterChain.java:166)
	at org.springframework.web.filter.OncePerRequestFilter.doFilter(OncePerRequestFilter.java:103)
	at org.apache.catalina.core.ApplicationFilterChain.internalDoFilter(ApplicationFilterChain.java:193)
	at org.apache.catalina.core.ApplicationFilterChain.doFilter(ApplicationFilterChain.java:166)
	at org.apache.catalina.core.ApplicationDispatcher.invoke(ApplicationDispatcher.java:712)
	at org.apache.catalina.core.ApplicationDispatcher.doInclude(ApplicationDispatcher.java:580)
	at org.apache.catalina.core.ApplicationDispatcher.include(ApplicationDispatcher.java:516)
	at org.apache.catalina.core.StandardHostValve.custom(StandardHostValve.java:388)
	at org.apache.catalina.core.StandardHostValve.status(StandardHostValve.java:253)
	at org.apache.catalina.core.StandardHostValve.throwable(StandardHostValve.java:348)
	at org.apache.catalina.core.StandardHostValve.invoke(StandardHostValve.java:173)
	at org.apache.catalina.valves.ErrorReportValve.invoke(ErrorReportValve.java:92)
	at org.apache.catalina.core.StandardEngineValve.invoke(StandardEngineValve.java:74)
	at org.apache.catalina.connector.CoyoteAdapter.service(CoyoteAdapter.java:343)
	at org.apache.coyote.http11.Http11Processor.service(Http11Processor.java:373)
	at org.apache.coyote.AbstractProcessorLight.process(AbstractProcessorLight.java:65)
	at org.apache.coyote.AbstractProtocol$ConnectionHandler.process(AbstractProtocol.java:868)
	at org.apache.tomcat.util.net.NioEndpoint$SocketProcessor.doRun(NioEndpoint.java:1589)
	at org.apache.tomcat.util.net.SocketProcessorBase.run(SocketProcessorBase.java:49)
	at java.util.concurrent.ThreadPoolExecutor.runWorker(ThreadPoolExecutor.java:1142)
	at java.util.concurrent.ThreadPoolExecutor$Worker.run(ThreadPoolExecutor.java:617)
	at org.apache.tomcat.util.threads.TaskThread$WrappingRunnable.run(TaskThread.java:61)
	at java.lang.Thread.run(Thread.java:748)
2020-12-12 17:08:11.861 [http-nio-8082-exec-6] WARN 
                o.s.w.s.m.support.DefaultHandlerExceptionResolver - Resolved [org.springframework.http.converter.HttpMessageNotWritableException: No converter for [class java.util.LinkedHashMap] with preset Content-Type 'application/vnd.ms-excel;charset=UTF-8']
2020-12-12 21:23:50.872 [http-nio-8082-exec-5] WARN 
                com.aliyun.oss - [Server]Unable to execute HTTP request: The OSS Access Key Id you provided does not exist in our records.
[ErrorCode]: InvalidAccessKeyId
[RequestId]: 5FD4C466DAD5753236AB792C
[HostId]: springboot-oss-test.oss-cn-beijing.aliyuncs.com
[ResponseError]:
<?xml version="1.0" encoding="UTF-8"?>
<Error>
  <Code>InvalidAccessKeyId</Code>
  <Message>The OSS Access Key Id you provided does not exist in our records.</Message>
  <RequestId>5FD4C466DAD5753236AB792C</RequestId>
  <HostId>springboot-oss-test.oss-cn-beijing.aliyuncs.com</HostId>
  <OSSAccessKeyId>LTAI4G26Kvu82oc4fv3BweUB</OSSAccessKeyId>
</Error>

2020-12-12 21:23:50.943 [http-nio-8082-exec-5] WARN 
                com.aliyun.oss - [Server]Unable to execute HTTP request: The OSS Access Key Id you provided does not exist in our records.
[ErrorCode]: InvalidAccessKeyId
[RequestId]: 5FD4C466DAD5753236247B2C
[HostId]: springboot-oss-test.oss-cn-beijing.aliyuncs.com
[ResponseError]:
<?xml version="1.0" encoding="UTF-8"?>
<Error>
  <Code>InvalidAccessKeyId</Code>
  <Message>The OSS Access Key Id you provided does not exist in our records.</Message>
  <RequestId>5FD4C466DAD5753236247B2C</RequestId>
  <HostId>springboot-oss-test.oss-cn-beijing.aliyuncs.com</HostId>
  <OSSAccessKeyId>LTAI4G26Kvu82oc4fv3BweUB</OSSAccessKeyId>
</Error>

2020-12-12 21:23:51.078 [http-nio-8082-exec-7] WARN 
                com.aliyun.oss - [Server]Unable to execute HTTP request: The OSS Access Key Id you provided does not exist in our records.
[ErrorCode]: InvalidAccessKeyId
[RequestId]: 5FD4C466CB3DB13738091341
[HostId]: springboot-oss-test.oss-cn-beijing.aliyuncs.com
[ResponseError]:
<?xml version="1.0" encoding="UTF-8"?>
<Error>
  <Code>InvalidAccessKeyId</Code>
  <Message>The OSS Access Key Id you provided does not exist in our records.</Message>
  <RequestId>5FD4C466CB3DB13738091341</RequestId>
  <HostId>springboot-oss-test.oss-cn-beijing.aliyuncs.com</HostId>
  <OSSAccessKeyId>LTAI4G26Kvu82oc4fv3BweUB</OSSAccessKeyId>
</Error>

2020-12-12 21:27:22.619 [http-nio-8082-exec-5] WARN 
                com.aliyun.oss - [Server]Unable to execute HTTP request: The OSS Access Key Id you provided does not exist in our records.
[ErrorCode]: InvalidAccessKeyId
[RequestId]: 5FD4C53A224F963438855B7B
[HostId]: springboot-oss-test.oss-cn-beijing.aliyuncs.com
[ResponseError]:
<?xml version="1.0" encoding="UTF-8"?>
<Error>
  <Code>InvalidAccessKeyId</Code>
  <Message>The OSS Access Key Id you provided does not exist in our records.</Message>
  <RequestId>5FD4C53A224F963438855B7B</RequestId>
  <HostId>springboot-oss-test.oss-cn-beijing.aliyuncs.com</HostId>
  <OSSAccessKeyId>LTAI4G26Kvu82oc4fv3BweUB</OSSAccessKeyId>
</Error>

2020-12-12 21:27:22.748 [http-nio-8082-exec-5] WARN 
                com.aliyun.oss - [Server]Unable to execute HTTP request: The OSS Access Key Id you provided does not exist in our records.
[ErrorCode]: InvalidAccessKeyId
[RequestId]: 5FD4C53A224F963438D75C7B
[HostId]: springboot-oss-test.oss-cn-beijing.aliyuncs.com
[ResponseError]:
<?xml version="1.0" encoding="UTF-8"?>
<Error>
  <Code>InvalidAccessKeyId</Code>
  <Message>The OSS Access Key Id you provided does not exist in our records.</Message>
  <RequestId>5FD4C53A224F963438D75C7B</RequestId>
  <HostId>springboot-oss-test.oss-cn-beijing.aliyuncs.com</HostId>
  <OSSAccessKeyId>LTAI4G26Kvu82oc4fv3BweUB</OSSAccessKeyId>
</Error>

2020-12-12 21:27:23.085 [http-nio-8082-exec-7] WARN 
                com.aliyun.oss - [Server]Unable to execute HTTP request: The OSS Access Key Id you provided does not exist in our records.
[ErrorCode]: InvalidAccessKeyId
[RequestId]: 5FD4C53A5369E83139253F5F
[HostId]: springboot-oss-test.oss-cn-beijing.aliyuncs.com
[ResponseError]:
<?xml version="1.0" encoding="UTF-8"?>
<Error>
  <Code>InvalidAccessKeyId</Code>
  <Message>The OSS Access Key Id you provided does not exist in our records.</Message>
  <RequestId>5FD4C53A5369E83139253F5F</RequestId>
  <HostId>springboot-oss-test.oss-cn-beijing.aliyuncs.com</HostId>
  <OSSAccessKeyId>LTAI4G26Kvu82oc4fv3BweUB</OSSAccessKeyId>
</Error>

2020-12-12 21:27:38.253 [http-nio-8082-exec-10] WARN 
                com.aliyun.oss - [Server]Unable to execute HTTP request: The OSS Access Key Id you provided does not exist in our records.
[ErrorCode]: InvalidAccessKeyId
[RequestId]: 5FD4C549B5985431305E19AD
[HostId]: springboot-oss-test.oss-cn-beijing.aliyuncs.com
[ResponseError]:
<?xml version="1.0" encoding="UTF-8"?>
<Error>
  <Code>InvalidAccessKeyId</Code>
  <Message>The OSS Access Key Id you provided does not exist in our records.</Message>
  <RequestId>5FD4C549B5985431305E19AD</RequestId>
  <HostId>springboot-oss-test.oss-cn-beijing.aliyuncs.com</HostId>
  <OSSAccessKeyId>LTAI4G26Kvu82oc4fv3BweUB</OSSAccessKeyId>
</Error>

2020-12-12 21:27:38.290 [http-nio-8082-exec-10] WARN 
                com.aliyun.oss - [Server]Unable to execute HTTP request: The OSS Access Key Id you provided does not exist in our records.
[ErrorCode]: InvalidAccessKeyId
[RequestId]: 5FD4C549B598543130A419AD
[HostId]: springboot-oss-test.oss-cn-beijing.aliyuncs.com
[ResponseError]:
<?xml version="1.0" encoding="UTF-8"?>
<Error>
  <Code>InvalidAccessKeyId</Code>
  <Message>The OSS Access Key Id you provided does not exist in our records.</Message>
  <RequestId>5FD4C549B598543130A419AD</RequestId>
  <HostId>springboot-oss-test.oss-cn-beijing.aliyuncs.com</HostId>
  <OSSAccessKeyId>LTAI4G26Kvu82oc4fv3BweUB</OSSAccessKeyId>
</Error>

2020-12-12 21:27:38.405 [http-nio-8082-exec-3] WARN 
                com.aliyun.oss - [Server]Unable to execute HTTP request: The OSS Access Key Id you provided does not exist in our records.
[ErrorCode]: InvalidAccessKeyId
[RequestId]: 5FD4C54AB5985430325D1AAD
[HostId]: springboot-oss-test.oss-cn-beijing.aliyuncs.com
[ResponseError]:
<?xml version="1.0" encoding="UTF-8"?>
<Error>
  <Code>InvalidAccessKeyId</Code>
  <Message>The OSS Access Key Id you provided does not exist in our records.</Message>
  <RequestId>5FD4C54AB5985430325D1AAD</RequestId>
  <HostId>springboot-oss-test.oss-cn-beijing.aliyuncs.com</HostId>
  <OSSAccessKeyId>LTAI4G26Kvu82oc4fv3BweUB</OSSAccessKeyId>
</Error>

