2020-12-07 01:40:02.916 [INFO ] com.forward.security.TestSecurity - Starting TestSecurity on LAPTOP-FKDB9B57 with PID 18928 (started by Acer in D:\IntellijIDEA\WorkSpaces\SpringCloudCodes\Codes\xinguan-parent\xinguan-base-web)
2020-12-07 01:40:02.918 [INFO ] com.forward.security.TestSecurity - No active profile set, falling back to default profiles: default
2020-12-07 01:40:06.385 [INFO ] springfox.documentation.spring.web.PropertySourcedRequestMappingHandlerMapping - Mapped URL path [/v2/api-docs] onto method [springfox.documentation.swagger2.web.Swagger2Controller#getDocumentation(String, HttpServletRequest)]
2020-12-07 01:40:06.755 [INFO ] org.springframework.scheduling.concurrent.ThreadPoolTaskExecutor - Initializing ExecutorService 'applicationTaskExecutor'
2020-12-07 01:40:07.439 [INFO ] org.springframework.boot.autoconfigure.security.servlet.UserDetailsServiceAutoConfiguration - 

Using generated security password: 627c6fdf-0f04-4ba1-bd04-2304dbda1d26

2020-12-07 01:40:07.723 [INFO ] org.springframework.security.web.DefaultSecurityFilterChain - Creating filter chain: any request, [org.springframework.security.web.context.request.async.WebAsyncManagerIntegrationFilter@527a8665, org.springframework.security.web.context.SecurityContextPersistenceFilter@51ff3c4b, org.springframework.security.web.header.HeaderWriterFilter@47a4eee2, org.springframework.security.web.csrf.CsrfFilter@1b24ea2a, org.springframework.security.web.authentication.logout.LogoutFilter@4f081b5d, org.springframework.security.web.authentication.UsernamePasswordAuthenticationFilter@f245bdd, org.springframework.security.web.authentication.ui.DefaultLoginPageGeneratingFilter@57bd6a8f, org.springframework.security.web.authentication.ui.DefaultLogoutPageGeneratingFilter@7ab2a07e, org.springframework.security.web.authentication.www.BasicAuthenticationFilter@5d71b500, org.springframework.security.web.savedrequest.RequestCacheAwareFilter@35bd8bc9, org.springframework.security.web.servletapi.SecurityContextHolderAwareRequestFilter@68ea253b, org.springframework.security.web.authentication.AnonymousAuthenticationFilter@437c4b25, org.springframework.security.web.session.SessionManagementFilter@2afdf6b7, org.springframework.security.web.access.ExceptionTranslationFilter@168142da, org.springframework.security.web.access.intercept.FilterSecurityInterceptor@29962b2f]
2020-12-07 01:40:07.820 [INFO ] springfox.documentation.spring.web.plugins.DocumentationPluginsBootstrapper - Context refreshed
2020-12-07 01:40:07.844 [INFO ] springfox.documentation.spring.web.plugins.DocumentationPluginsBootstrapper - Found 1 custom documentation plugin(s)
2020-12-07 01:40:07.888 [INFO ] springfox.documentation.spring.web.scanners.ApiListingReferenceScanner - Scanning for api listing references
2020-12-07 01:40:08.046 [INFO ] com.forward.security.TestSecurity - Started TestSecurity in 5.598 seconds (JVM running for 7.017)
2020-12-07 01:40:08.414 [INFO ] org.springframework.scheduling.concurrent.ThreadPoolTaskExecutor - Shutting down ExecutorService 'applicationTaskExecutor'
2020-12-07 01:44:21.554 [INFO ] com.forward.security.TestSecurity - Starting TestSecurity on LAPTOP-FKDB9B57 with PID 19512 (started by Acer in D:\IntellijIDEA\WorkSpaces\SpringCloudCodes\Codes\xinguan-parent\xinguan-base-web)
2020-12-07 01:44:21.559 [INFO ] com.forward.security.TestSecurity - No active profile set, falling back to default profiles: default
2020-12-07 01:44:27.742 [INFO ] springfox.documentation.spring.web.PropertySourcedRequestMappingHandlerMapping - Mapped URL path [/v2/api-docs] onto method [springfox.documentation.swagger2.web.Swagger2Controller#getDocumentation(String, HttpServletRequest)]
2020-12-07 01:44:28.244 [INFO ] org.springframework.scheduling.concurrent.ThreadPoolTaskExecutor - Initializing ExecutorService 'applicationTaskExecutor'
2020-12-07 01:44:29.463 [INFO ] org.springframework.boot.autoconfigure.security.servlet.UserDetailsServiceAutoConfiguration - 

Using generated security password: 0a7735d8-feee-4b9e-a2de-6071f05fc277

2020-12-07 01:44:29.883 [INFO ] org.springframework.security.web.DefaultSecurityFilterChain - Creating filter chain: any request, [org.springframework.security.web.context.request.async.WebAsyncManagerIntegrationFilter@1e1e837d, org.springframework.security.web.context.SecurityContextPersistenceFilter@60bf494c, org.springframework.security.web.header.HeaderWriterFilter@36ad229b, org.springframework.security.web.csrf.CsrfFilter@89caf47, org.springframework.security.web.authentication.logout.LogoutFilter@30a9e3db, org.springframework.security.web.authentication.UsernamePasswordAuthenticationFilter@43a4a9e5, org.springframework.security.web.authentication.ui.DefaultLoginPageGeneratingFilter@4026461d, org.springframework.security.web.authentication.ui.DefaultLogoutPageGeneratingFilter@4b957db0, org.springframework.security.web.authentication.www.BasicAuthenticationFilter@4ed18798, org.springframework.security.web.savedrequest.RequestCacheAwareFilter@36f6e521, org.springframework.security.web.servletapi.SecurityContextHolderAwareRequestFilter@6de004f1, org.springframework.security.web.authentication.AnonymousAuthenticationFilter@5d71b500, org.springframework.security.web.session.SessionManagementFilter@805e72e, org.springframework.security.web.access.ExceptionTranslationFilter@b5ac0c1, org.springframework.security.web.access.intercept.FilterSecurityInterceptor@3554bdc0]
2020-12-07 01:44:30.040 [INFO ] springfox.documentation.spring.web.plugins.DocumentationPluginsBootstrapper - Context refreshed
2020-12-07 01:44:30.076 [INFO ] springfox.documentation.spring.web.plugins.DocumentationPluginsBootstrapper - Found 1 custom documentation plugin(s)
2020-12-07 01:44:30.153 [INFO ] springfox.documentation.spring.web.scanners.ApiListingReferenceScanner - Scanning for api listing references
2020-12-07 01:44:30.419 [INFO ] com.forward.security.TestSecurity - Started TestSecurity in 9.801 seconds (JVM running for 11.795)
2020-12-07 01:44:31.194 [INFO ] org.springframework.scheduling.concurrent.ThreadPoolTaskExecutor - Shutting down ExecutorService 'applicationTaskExecutor'
2020-12-07 01:44:59.439 [INFO ] com.forward.security.TestSecurity - Starting TestSecurity on LAPTOP-FKDB9B57 with PID 18788 (started by Acer in D:\IntellijIDEA\WorkSpaces\SpringCloudCodes\Codes\xinguan-parent\xinguan-base-web)
2020-12-07 01:44:59.442 [INFO ] com.forward.security.TestSecurity - No active profile set, falling back to default profiles: default
2020-12-07 01:45:03.023 [INFO ] springfox.documentation.spring.web.PropertySourcedRequestMappingHandlerMapping - Mapped URL path [/v2/api-docs] onto method [springfox.documentation.swagger2.web.Swagger2Controller#getDocumentation(String, HttpServletRequest)]
2020-12-07 01:45:03.297 [INFO ] org.springframework.scheduling.concurrent.ThreadPoolTaskExecutor - Initializing ExecutorService 'applicationTaskExecutor'
2020-12-07 01:45:03.955 [INFO ] org.springframework.boot.autoconfigure.security.servlet.UserDetailsServiceAutoConfiguration - 

Using generated security password: 255ed43e-eee4-48ff-b353-caf5d1f98f1e

2020-12-07 01:45:04.178 [INFO ] org.springframework.security.web.DefaultSecurityFilterChain - Creating filter chain: any request, [org.springframework.security.web.context.request.async.WebAsyncManagerIntegrationFilter@39e53bef, org.springframework.security.web.context.SecurityContextPersistenceFilter@224c7de4, org.springframework.security.web.header.HeaderWriterFilter@7e52a26b, org.springframework.security.web.csrf.CsrfFilter@70b6db83, org.springframework.security.web.authentication.logout.LogoutFilter@517704, org.springframework.security.web.authentication.UsernamePasswordAuthenticationFilter@42fc4ac4, org.springframework.security.web.authentication.ui.DefaultLoginPageGeneratingFilter@50211483, org.springframework.security.web.authentication.ui.DefaultLogoutPageGeneratingFilter@14b275bd, org.springframework.security.web.authentication.www.BasicAuthenticationFilter@18e4674d, org.springframework.security.web.savedrequest.RequestCacheAwareFilter@55846997, org.springframework.security.web.servletapi.SecurityContextHolderAwareRequestFilter@2afdf6b7, org.springframework.security.web.authentication.AnonymousAuthenticationFilter@4ed18798, org.springframework.security.web.session.SessionManagementFilter@3f857e08, org.springframework.security.web.access.ExceptionTranslationFilter@47df5041, org.springframework.security.web.access.intercept.FilterSecurityInterceptor@3a0aaaf0]
2020-12-07 01:45:04.265 [INFO ] springfox.documentation.spring.web.plugins.DocumentationPluginsBootstrapper - Context refreshed
2020-12-07 01:45:04.292 [INFO ] springfox.documentation.spring.web.plugins.DocumentationPluginsBootstrapper - Found 1 custom documentation plugin(s)
2020-12-07 01:45:04.334 [INFO ] springfox.documentation.spring.web.scanners.ApiListingReferenceScanner - Scanning for api listing references
2020-12-07 01:45:04.485 [INFO ] com.forward.security.TestSecurity - Started TestSecurity in 5.669 seconds (JVM running for 6.88)
2020-12-07 01:45:04.917 [INFO ] org.springframework.scheduling.concurrent.ThreadPoolTaskExecutor - Shutting down ExecutorService 'applicationTaskExecutor'
2020-12-07 02:45:41.443 [INFO ] com.forward.XinGuanApplication - Starting XinGuanApplication on LAPTOP-FKDB9B57 with PID 13804 (D:\IntellijIDEA\WorkSpaces\SpringCloudCodes\Codes\xinguan-parent\xinguan-base-web\target\classes started by Acer in D:\IntellijIDEA\WorkSpaces\SpringCloudCodes\Codes\xinguan-parent)
2020-12-07 02:45:41.447 [INFO ] com.forward.XinGuanApplication - No active profile set, falling back to default profiles: default
2020-12-07 02:45:42.040 [INFO ] org.springframework.boot.autoconfigure.logging.ConditionEvaluationReportLoggingListener - 

Error starting ApplicationContext. To display the conditions report re-run your application with 'debug' enabled.
2020-12-07 02:46:46.518 [INFO ] com.forward.XinGuanApplication - Starting XinGuanApplication on LAPTOP-FKDB9B57 with PID 16644 (D:\IntellijIDEA\WorkSpaces\SpringCloudCodes\Codes\xinguan-parent\xinguan-base-web\target\classes started by Acer in D:\IntellijIDEA\WorkSpaces\SpringCloudCodes\Codes\xinguan-parent)
2020-12-07 02:46:46.523 [INFO ] com.forward.XinGuanApplication - No active profile set, falling back to default profiles: default
2020-12-07 02:46:47.479 [INFO ] org.springframework.context.support.PostProcessorRegistrationDelegate$BeanPostProcessorChecker - Bean 'org.springframework.security.access.expression.method.DefaultMethodSecurityExpressionHandler@c6a6c1d' of type [org.springframework.security.access.expression.method.DefaultMethodSecurityExpressionHandler] is not eligible for getting processed by all BeanPostProcessors (for example: not eligible for auto-proxying)
2020-12-07 02:46:47.485 [INFO ] org.springframework.context.support.PostProcessorRegistrationDelegate$BeanPostProcessorChecker - Bean 'methodSecurityMetadataSource' of type [org.springframework.security.access.method.DelegatingMethodSecurityMetadataSource] is not eligible for getting processed by all BeanPostProcessors (for example: not eligible for auto-proxying)
2020-12-07 02:46:47.726 [INFO ] org.springframework.boot.web.embedded.tomcat.TomcatWebServer - Tomcat initialized with port(s): 8082 (http)
2020-12-07 02:46:47.735 [INFO ] org.apache.coyote.http11.Http11NioProtocol - Initializing ProtocolHandler ["http-nio-8082"]
2020-12-07 02:46:47.736 [INFO ] org.apache.catalina.core.StandardService - Starting service [Tomcat]
2020-12-07 02:46:47.736 [INFO ] org.apache.catalina.core.StandardEngine - Starting Servlet engine: [Apache Tomcat/9.0.37]
2020-12-07 02:46:47.829 [INFO ] org.apache.catalina.core.ContainerBase.[Tomcat].[localhost].[/] - Initializing Spring embedded WebApplicationContext
2020-12-07 02:46:47.830 [INFO ] org.springframework.boot.web.servlet.context.ServletWebServerApplicationContext - Root WebApplicationContext: initialization completed in 1245 ms
2020-12-07 02:46:48.936 [INFO ] org.springframework.boot.autoconfigure.security.servlet.UserDetailsServiceAutoConfiguration - 

Using generated security password: 3ca9018d-dc85-4dfa-944e-de2477185c4f

2020-12-07 02:46:48.993 [INFO ] org.springframework.security.web.DefaultSecurityFilterChain - Creating filter chain: any request, [org.springframework.security.web.context.request.async.WebAsyncManagerIntegrationFilter@28a9494b, org.springframework.security.web.context.SecurityContextPersistenceFilter@45658133, org.springframework.security.web.header.HeaderWriterFilter@2be21396, org.springframework.security.web.authentication.logout.LogoutFilter@441fbe89, org.springframework.security.web.savedrequest.RequestCacheAwareFilter@67536ae0, org.springframework.security.web.servletapi.SecurityContextHolderAwareRequestFilter@29c17c3d, org.springframework.security.web.authentication.AnonymousAuthenticationFilter@a09303, org.springframework.security.web.session.SessionManagementFilter@493da830, org.springframework.security.web.access.ExceptionTranslationFilter@1bf14704]
2020-12-07 02:46:49.009 [INFO ] springfox.documentation.spring.web.PropertySourcedRequestMappingHandlerMapping - Mapped URL path [/v2/api-docs] onto method [springfox.documentation.swagger2.web.Swagger2Controller#getDocumentation(String, HttpServletRequest)]
2020-12-07 02:46:49.087 [INFO ] org.springframework.scheduling.concurrent.ThreadPoolTaskExecutor - Initializing ExecutorService 'applicationTaskExecutor'
2020-12-07 02:46:49.262 [INFO ] org.apache.coyote.http11.Http11NioProtocol - Starting ProtocolHandler ["http-nio-8082"]
2020-12-07 02:46:49.280 [INFO ] org.springframework.boot.web.embedded.tomcat.TomcatWebServer - Tomcat started on port(s): 8082 (http) with context path ''
2020-12-07 02:46:49.281 [INFO ] springfox.documentation.spring.web.plugins.DocumentationPluginsBootstrapper - Context refreshed
2020-12-07 02:46:49.294 [INFO ] springfox.documentation.spring.web.plugins.DocumentationPluginsBootstrapper - Found 1 custom documentation plugin(s)
2020-12-07 02:46:49.322 [INFO ] springfox.documentation.spring.web.scanners.ApiListingReferenceScanner - Scanning for api listing references
2020-12-07 02:46:49.441 [INFO ] com.forward.XinGuanApplication - Started XinGuanApplication in 3.543 seconds (JVM running for 4.26)
2020-12-07 02:47:00.158 [INFO ] org.apache.catalina.core.ContainerBase.[Tomcat].[localhost].[/] - Initializing Spring DispatcherServlet 'dispatcherServlet'
2020-12-07 02:51:19.868 [INFO ] com.forward.XinGuanApplication - Starting XinGuanApplication on LAPTOP-FKDB9B57 with PID 16740 (D:\IntellijIDEA\WorkSpaces\SpringCloudCodes\Codes\xinguan-parent\xinguan-base-web\target\classes started by Acer in D:\IntellijIDEA\WorkSpaces\SpringCloudCodes\Codes\xinguan-parent)
2020-12-07 02:51:19.873 [INFO ] com.forward.XinGuanApplication - No active profile set, falling back to default profiles: default
2020-12-07 02:51:20.777 [INFO ] org.springframework.context.support.PostProcessorRegistrationDelegate$BeanPostProcessorChecker - Bean 'org.springframework.security.access.expression.method.DefaultMethodSecurityExpressionHandler@3e4f80cb' of type [org.springframework.security.access.expression.method.DefaultMethodSecurityExpressionHandler] is not eligible for getting processed by all BeanPostProcessors (for example: not eligible for auto-proxying)
2020-12-07 02:51:20.781 [INFO ] org.springframework.context.support.PostProcessorRegistrationDelegate$BeanPostProcessorChecker - Bean 'methodSecurityMetadataSource' of type [org.springframework.security.access.method.DelegatingMethodSecurityMetadataSource] is not eligible for getting processed by all BeanPostProcessors (for example: not eligible for auto-proxying)
2020-12-07 02:51:20.989 [INFO ] org.springframework.boot.web.embedded.tomcat.TomcatWebServer - Tomcat initialized with port(s): 8082 (http)
2020-12-07 02:51:20.998 [INFO ] org.apache.coyote.http11.Http11NioProtocol - Initializing ProtocolHandler ["http-nio-8082"]
2020-12-07 02:51:20.998 [INFO ] org.apache.catalina.core.StandardService - Starting service [Tomcat]
2020-12-07 02:51:20.999 [INFO ] org.apache.catalina.core.StandardEngine - Starting Servlet engine: [Apache Tomcat/9.0.37]
2020-12-07 02:51:21.087 [INFO ] org.apache.catalina.core.ContainerBase.[Tomcat].[localhost].[/] - Initializing Spring embedded WebApplicationContext
2020-12-07 02:51:21.088 [INFO ] org.springframework.boot.web.servlet.context.ServletWebServerApplicationContext - Root WebApplicationContext: initialization completed in 1152 ms
2020-12-07 02:51:22.258 [INFO ] org.springframework.boot.autoconfigure.security.servlet.UserDetailsServiceAutoConfiguration - 

Using generated security password: 1ee4bff3-1c6d-4348-9ed0-e78a2148c719

2020-12-07 02:51:22.317 [INFO ] org.springframework.security.web.DefaultSecurityFilterChain - Creating filter chain: any request, [org.springframework.security.web.context.request.async.WebAsyncManagerIntegrationFilter@502a4156, org.springframework.security.web.context.SecurityContextPersistenceFilter@d16be4f, org.springframework.security.web.header.HeaderWriterFilter@40247d48, org.springframework.security.web.authentication.logout.LogoutFilter@1642eeae, org.springframework.security.web.savedrequest.RequestCacheAwareFilter@6bcb12e6, org.springframework.security.web.servletapi.SecurityContextHolderAwareRequestFilter@4f654cee, org.springframework.security.web.authentication.AnonymousAuthenticationFilter@5416f8db, org.springframework.security.web.session.SessionManagementFilter@67536ae0, org.springframework.security.web.access.ExceptionTranslationFilter@315105f]
2020-12-07 02:51:22.334 [INFO ] springfox.documentation.spring.web.PropertySourcedRequestMappingHandlerMapping - Mapped URL path [/v2/api-docs] onto method [springfox.documentation.swagger2.web.Swagger2Controller#getDocumentation(String, HttpServletRequest)]
2020-12-07 02:51:22.409 [INFO ] org.springframework.scheduling.concurrent.ThreadPoolTaskExecutor - Initializing ExecutorService 'applicationTaskExecutor'
2020-12-07 02:51:22.585 [INFO ] org.apache.coyote.http11.Http11NioProtocol - Starting ProtocolHandler ["http-nio-8082"]
2020-12-07 02:51:22.601 [INFO ] org.springframework.boot.web.embedded.tomcat.TomcatWebServer - Tomcat started on port(s): 8082 (http) with context path ''
2020-12-07 02:51:22.602 [INFO ] springfox.documentation.spring.web.plugins.DocumentationPluginsBootstrapper - Context refreshed
2020-12-07 02:51:22.612 [INFO ] springfox.documentation.spring.web.plugins.DocumentationPluginsBootstrapper - Found 1 custom documentation plugin(s)
2020-12-07 02:51:22.638 [INFO ] springfox.documentation.spring.web.scanners.ApiListingReferenceScanner - Scanning for api listing references
2020-12-07 02:51:22.744 [INFO ] com.forward.XinGuanApplication - Started XinGuanApplication in 3.51 seconds (JVM running for 4.249)
2020-12-07 02:51:41.898 [INFO ] org.apache.catalina.core.ContainerBase.[Tomcat].[localhost].[/] - Initializing Spring DispatcherServlet 'dispatcherServlet'
2020-12-07 02:55:48.208 [INFO ] com.forward.XinGuanApplication - Starting XinGuanApplication on LAPTOP-FKDB9B57 with PID 17020 (D:\IntellijIDEA\WorkSpaces\SpringCloudCodes\Codes\xinguan-parent\xinguan-base-web\target\classes started by Acer in D:\IntellijIDEA\WorkSpaces\SpringCloudCodes\Codes\xinguan-parent)
2020-12-07 02:55:48.213 [INFO ] com.forward.XinGuanApplication - No active profile set, falling back to default profiles: default
2020-12-07 02:55:49.141 [INFO ] org.springframework.context.support.PostProcessorRegistrationDelegate$BeanPostProcessorChecker - Bean 'org.springframework.security.access.expression.method.DefaultMethodSecurityExpressionHandler@3e4f80cb' of type [org.springframework.security.access.expression.method.DefaultMethodSecurityExpressionHandler] is not eligible for getting processed by all BeanPostProcessors (for example: not eligible for auto-proxying)
2020-12-07 02:55:49.145 [INFO ] org.springframework.context.support.PostProcessorRegistrationDelegate$BeanPostProcessorChecker - Bean 'methodSecurityMetadataSource' of type [org.springframework.security.access.method.DelegatingMethodSecurityMetadataSource] is not eligible for getting processed by all BeanPostProcessors (for example: not eligible for auto-proxying)
2020-12-07 02:55:49.367 [INFO ] org.springframework.boot.web.embedded.tomcat.TomcatWebServer - Tomcat initialized with port(s): 8082 (http)
2020-12-07 02:55:49.374 [INFO ] org.apache.coyote.http11.Http11NioProtocol - Initializing ProtocolHandler ["http-nio-8082"]
2020-12-07 02:55:49.390 [INFO ] org.apache.catalina.core.StandardService - Starting service [Tomcat]
2020-12-07 02:55:49.390 [INFO ] org.apache.catalina.core.StandardEngine - Starting Servlet engine: [Apache Tomcat/9.0.37]
2020-12-07 02:55:49.488 [INFO ] org.apache.catalina.core.ContainerBase.[Tomcat].[localhost].[/] - Initializing Spring embedded WebApplicationContext
2020-12-07 02:55:49.488 [INFO ] org.springframework.boot.web.servlet.context.ServletWebServerApplicationContext - Root WebApplicationContext: initialization completed in 1218 ms
2020-12-07 02:55:50.616 [INFO ] org.springframework.boot.autoconfigure.security.servlet.UserDetailsServiceAutoConfiguration - 

Using generated security password: 236030e8-0da8-4995-8d6f-d41860b7c0f8

2020-12-07 02:55:50.680 [INFO ] org.springframework.security.web.DefaultSecurityFilterChain - Creating filter chain: any request, [org.springframework.security.web.context.request.async.WebAsyncManagerIntegrationFilter@502a4156, org.springframework.security.web.context.SecurityContextPersistenceFilter@d16be4f, org.springframework.security.web.header.HeaderWriterFilter@40247d48, org.springframework.security.web.authentication.logout.LogoutFilter@1642eeae, org.springframework.security.web.savedrequest.RequestCacheAwareFilter@6bcb12e6, org.springframework.security.web.servletapi.SecurityContextHolderAwareRequestFilter@4f654cee, org.springframework.security.web.authentication.AnonymousAuthenticationFilter@5416f8db, org.springframework.security.web.session.SessionManagementFilter@67536ae0, org.springframework.security.web.access.ExceptionTranslationFilter@315105f]
2020-12-07 02:55:50.699 [INFO ] springfox.documentation.spring.web.PropertySourcedRequestMappingHandlerMapping - Mapped URL path [/v2/api-docs] onto method [springfox.documentation.swagger2.web.Swagger2Controller#getDocumentation(String, HttpServletRequest)]
2020-12-07 02:55:50.788 [INFO ] org.springframework.scheduling.concurrent.ThreadPoolTaskExecutor - Initializing ExecutorService 'applicationTaskExecutor'
2020-12-07 02:55:50.986 [INFO ] org.apache.coyote.http11.Http11NioProtocol - Starting ProtocolHandler ["http-nio-8082"]
2020-12-07 02:55:51.011 [INFO ] org.springframework.boot.web.embedded.tomcat.TomcatWebServer - Tomcat started on port(s): 8082 (http) with context path ''
2020-12-07 02:55:51.013 [INFO ] springfox.documentation.spring.web.plugins.DocumentationPluginsBootstrapper - Context refreshed
2020-12-07 02:55:51.025 [INFO ] springfox.documentation.spring.web.plugins.DocumentationPluginsBootstrapper - Found 1 custom documentation plugin(s)
2020-12-07 02:55:51.063 [INFO ] springfox.documentation.spring.web.scanners.ApiListingReferenceScanner - Scanning for api listing references
2020-12-07 02:55:51.213 [INFO ] com.forward.XinGuanApplication - Started XinGuanApplication in 3.591 seconds (JVM running for 4.32)
2020-12-07 02:56:09.664 [INFO ] org.apache.catalina.core.ContainerBase.[Tomcat].[localhost].[/] - Initializing Spring DispatcherServlet 'dispatcherServlet'
2020-12-07 02:56:31.110 [INFO ] com.forward.XinGuanApplication - Starting XinGuanApplication on LAPTOP-FKDB9B57 with PID 11780 (D:\IntellijIDEA\WorkSpaces\SpringCloudCodes\Codes\xinguan-parent\xinguan-base-web\target\classes started by Acer in D:\IntellijIDEA\WorkSpaces\SpringCloudCodes\Codes\xinguan-parent)
2020-12-07 02:56:31.116 [INFO ] com.forward.XinGuanApplication - No active profile set, falling back to default profiles: default
2020-12-07 02:56:32.099 [INFO ] org.springframework.context.support.PostProcessorRegistrationDelegate$BeanPostProcessorChecker - Bean 'org.springframework.security.access.expression.method.DefaultMethodSecurityExpressionHandler@4f82663e' of type [org.springframework.security.access.expression.method.DefaultMethodSecurityExpressionHandler] is not eligible for getting processed by all BeanPostProcessors (for example: not eligible for auto-proxying)
2020-12-07 02:56:32.102 [INFO ] org.springframework.context.support.PostProcessorRegistrationDelegate$BeanPostProcessorChecker - Bean 'methodSecurityMetadataSource' of type [org.springframework.security.access.method.DelegatingMethodSecurityMetadataSource] is not eligible for getting processed by all BeanPostProcessors (for example: not eligible for auto-proxying)
2020-12-07 02:56:32.319 [INFO ] org.springframework.boot.web.embedded.tomcat.TomcatWebServer - Tomcat initialized with port(s): 8082 (http)
2020-12-07 02:56:32.328 [INFO ] org.apache.coyote.http11.Http11NioProtocol - Initializing ProtocolHandler ["http-nio-8082"]
2020-12-07 02:56:32.329 [INFO ] org.apache.catalina.core.StandardService - Starting service [Tomcat]
2020-12-07 02:56:32.329 [INFO ] org.apache.catalina.core.StandardEngine - Starting Servlet engine: [Apache Tomcat/9.0.37]
2020-12-07 02:56:32.428 [INFO ] org.apache.catalina.core.ContainerBase.[Tomcat].[localhost].[/] - Initializing Spring embedded WebApplicationContext
2020-12-07 02:56:32.428 [INFO ] org.springframework.boot.web.servlet.context.ServletWebServerApplicationContext - Root WebApplicationContext: initialization completed in 1257 ms
2020-12-07 02:56:33.647 [INFO ] org.springframework.boot.autoconfigure.security.servlet.UserDetailsServiceAutoConfiguration - 

Using generated security password: ccf12d95-d3fc-43b0-b0b5-b9d9f3e80e1b

2020-12-07 02:56:33.704 [INFO ] org.springframework.security.web.DefaultSecurityFilterChain - Creating filter chain: any request, [org.springframework.security.web.context.request.async.WebAsyncManagerIntegrationFilter@28a9494b, org.springframework.security.web.context.SecurityContextPersistenceFilter@45658133, org.springframework.security.web.header.HeaderWriterFilter@2be21396, org.springframework.security.web.authentication.logout.LogoutFilter@441fbe89, org.springframework.security.web.savedrequest.RequestCacheAwareFilter@67536ae0, org.springframework.security.web.servletapi.SecurityContextHolderAwareRequestFilter@29c17c3d, org.springframework.security.web.authentication.AnonymousAuthenticationFilter@a09303, org.springframework.security.web.session.SessionManagementFilter@493da830, org.springframework.security.web.access.ExceptionTranslationFilter@1bf14704]
2020-12-07 02:56:33.721 [INFO ] springfox.documentation.spring.web.PropertySourcedRequestMappingHandlerMapping - Mapped URL path [/v2/api-docs] onto method [springfox.documentation.swagger2.web.Swagger2Controller#getDocumentation(String, HttpServletRequest)]
2020-12-07 02:56:33.798 [INFO ] org.springframework.scheduling.concurrent.ThreadPoolTaskExecutor - Initializing ExecutorService 'applicationTaskExecutor'
2020-12-07 02:56:33.968 [INFO ] org.apache.coyote.http11.Http11NioProtocol - Starting ProtocolHandler ["http-nio-8082"]
2020-12-07 02:56:33.986 [INFO ] org.springframework.boot.web.embedded.tomcat.TomcatWebServer - Tomcat started on port(s): 8082 (http) with context path ''
2020-12-07 02:56:33.987 [INFO ] springfox.documentation.spring.web.plugins.DocumentationPluginsBootstrapper - Context refreshed
2020-12-07 02:56:33.997 [INFO ] springfox.documentation.spring.web.plugins.DocumentationPluginsBootstrapper - Found 1 custom documentation plugin(s)
2020-12-07 02:56:34.026 [INFO ] springfox.documentation.spring.web.scanners.ApiListingReferenceScanner - Scanning for api listing references
2020-12-07 02:56:34.135 [INFO ] com.forward.XinGuanApplication - Started XinGuanApplication in 3.599 seconds (JVM running for 4.312)
2020-12-07 02:56:38.486 [INFO ] org.apache.catalina.core.ContainerBase.[Tomcat].[localhost].[/] - Initializing Spring DispatcherServlet 'dispatcherServlet'
2020-12-07 02:58:32.623 [INFO ] com.forward.XinGuanApplication - Starting XinGuanApplication on LAPTOP-FKDB9B57 with PID 5480 (D:\IntellijIDEA\WorkSpaces\SpringCloudCodes\Codes\xinguan-parent\xinguan-base-web\target\classes started by Acer in D:\IntellijIDEA\WorkSpaces\SpringCloudCodes\Codes\xinguan-parent)
2020-12-07 02:58:32.628 [INFO ] com.forward.XinGuanApplication - No active profile set, falling back to default profiles: default
2020-12-07 02:58:33.769 [INFO ] org.springframework.context.support.PostProcessorRegistrationDelegate$BeanPostProcessorChecker - Bean 'org.springframework.security.access.expression.method.DefaultMethodSecurityExpressionHandler@16ade133' of type [org.springframework.security.access.expression.method.DefaultMethodSecurityExpressionHandler] is not eligible for getting processed by all BeanPostProcessors (for example: not eligible for auto-proxying)
2020-12-07 02:58:33.775 [INFO ] org.springframework.context.support.PostProcessorRegistrationDelegate$BeanPostProcessorChecker - Bean 'methodSecurityMetadataSource' of type [org.springframework.security.access.method.DelegatingMethodSecurityMetadataSource] is not eligible for getting processed by all BeanPostProcessors (for example: not eligible for auto-proxying)
2020-12-07 02:58:33.978 [INFO ] org.springframework.boot.web.embedded.tomcat.TomcatWebServer - Tomcat initialized with port(s): 8082 (http)
2020-12-07 02:58:33.985 [INFO ] org.apache.coyote.http11.Http11NioProtocol - Initializing ProtocolHandler ["http-nio-8082"]
2020-12-07 02:58:33.985 [INFO ] org.apache.catalina.core.StandardService - Starting service [Tomcat]
2020-12-07 02:58:33.985 [INFO ] org.apache.catalina.core.StandardEngine - Starting Servlet engine: [Apache Tomcat/9.0.37]
2020-12-07 02:58:34.060 [INFO ] org.apache.catalina.core.ContainerBase.[Tomcat].[localhost].[/] - Initializing Spring embedded WebApplicationContext
2020-12-07 02:58:34.060 [INFO ] org.springframework.boot.web.servlet.context.ServletWebServerApplicationContext - Root WebApplicationContext: initialization completed in 1381 ms
2020-12-07 02:58:35.199 [INFO ] org.springframework.boot.autoconfigure.security.servlet.UserDetailsServiceAutoConfiguration - 

Using generated security password: dd3caad0-df48-46a3-9b18-988be46ed3f4

2020-12-07 02:58:35.267 [INFO ] org.springframework.security.web.DefaultSecurityFilterChain - Creating filter chain: any request, [org.springframework.security.web.context.request.async.WebAsyncManagerIntegrationFilter@1163a27, org.springframework.security.web.context.SecurityContextPersistenceFilter@67536ae0, org.springframework.security.web.header.HeaderWriterFilter@315105f, org.springframework.security.web.authentication.logout.LogoutFilter@45ab3bdd, org.springframework.security.web.savedrequest.RequestCacheAwareFilter@d16be4f, org.springframework.security.web.servletapi.SecurityContextHolderAwareRequestFilter@1665fa54, org.springframework.security.web.authentication.AnonymousAuthenticationFilter@322ba549, org.springframework.security.web.session.SessionManagementFilter@45658133, org.springframework.security.web.access.ExceptionTranslationFilter@2be21396]
2020-12-07 02:58:35.285 [INFO ] springfox.documentation.spring.web.PropertySourcedRequestMappingHandlerMapping - Mapped URL path [/v2/api-docs] onto method [springfox.documentation.swagger2.web.Swagger2Controller#getDocumentation(String, HttpServletRequest)]
2020-12-07 02:58:35.361 [INFO ] org.springframework.scheduling.concurrent.ThreadPoolTaskExecutor - Initializing ExecutorService 'applicationTaskExecutor'
2020-12-07 02:58:35.550 [INFO ] org.apache.coyote.http11.Http11NioProtocol - Starting ProtocolHandler ["http-nio-8082"]
2020-12-07 02:58:35.576 [INFO ] org.springframework.boot.web.embedded.tomcat.TomcatWebServer - Tomcat started on port(s): 8082 (http) with context path ''
2020-12-07 02:58:35.577 [INFO ] springfox.documentation.spring.web.plugins.DocumentationPluginsBootstrapper - Context refreshed
2020-12-07 02:58:35.592 [INFO ] springfox.documentation.spring.web.plugins.DocumentationPluginsBootstrapper - Found 1 custom documentation plugin(s)
2020-12-07 02:58:35.626 [INFO ] springfox.documentation.spring.web.scanners.ApiListingReferenceScanner - Scanning for api listing references
2020-12-07 02:58:35.762 [INFO ] com.forward.XinGuanApplication - Started XinGuanApplication in 3.626 seconds (JVM running for 4.361)
2020-12-07 02:59:42.962 [INFO ] org.apache.catalina.core.ContainerBase.[Tomcat].[localhost].[/] - Initializing Spring DispatcherServlet 'dispatcherServlet'
2020-12-07 03:00:59.640 [INFO ] com.zaxxer.hikari.HikariDataSource - HikariPool-1 - Starting...
2020-12-07 03:01:00.221 [INFO ] com.zaxxer.hikari.HikariDataSource - HikariPool-1 - Start completed.
2020-12-07 15:16:26.908 [INFO ] com.forward.XinGuanApplication - Starting XinGuanApplication on LAPTOP-FKDB9B57 with PID 21516 (D:\IntellijIDEA\WorkSpaces\SpringCloudCodes\Codes\xinguan-parent\xinguan-base-web\target\classes started by Acer in D:\IntellijIDEA\WorkSpaces\SpringCloudCodes\Codes\xinguan-parent)
2020-12-07 15:16:26.912 [INFO ] com.forward.XinGuanApplication - No active profile set, falling back to default profiles: default
2020-12-07 15:16:28.316 [INFO ] org.springframework.context.support.PostProcessorRegistrationDelegate$BeanPostProcessorChecker - Bean 'org.springframework.security.access.expression.method.DefaultMethodSecurityExpressionHandler@35636217' of type [org.springframework.security.access.expression.method.DefaultMethodSecurityExpressionHandler] is not eligible for getting processed by all BeanPostProcessors (for example: not eligible for auto-proxying)
2020-12-07 15:16:28.321 [INFO ] org.springframework.context.support.PostProcessorRegistrationDelegate$BeanPostProcessorChecker - Bean 'methodSecurityMetadataSource' of type [org.springframework.security.access.method.DelegatingMethodSecurityMetadataSource] is not eligible for getting processed by all BeanPostProcessors (for example: not eligible for auto-proxying)
2020-12-07 15:16:28.595 [INFO ] org.springframework.boot.web.embedded.tomcat.TomcatWebServer - Tomcat initialized with port(s): 8082 (http)
2020-12-07 15:16:28.605 [INFO ] org.apache.coyote.http11.Http11NioProtocol - Initializing ProtocolHandler ["http-nio-8082"]
2020-12-07 15:16:28.606 [INFO ] org.apache.catalina.core.StandardService - Starting service [Tomcat]
2020-12-07 15:16:28.606 [INFO ] org.apache.catalina.core.StandardEngine - Starting Servlet engine: [Apache Tomcat/9.0.37]
2020-12-07 15:16:28.715 [INFO ] org.apache.catalina.core.ContainerBase.[Tomcat].[localhost].[/] - Initializing Spring embedded WebApplicationContext
2020-12-07 15:16:28.716 [INFO ] org.springframework.boot.web.servlet.context.ServletWebServerApplicationContext - Root WebApplicationContext: initialization completed in 1749 ms
2020-12-07 15:16:30.307 [INFO ] org.springframework.boot.autoconfigure.security.servlet.UserDetailsServiceAutoConfiguration - 

Using generated security password: 1debb9ea-f0e4-49aa-8d17-56655c6a0aac

2020-12-07 15:16:30.389 [INFO ] org.springframework.security.web.DefaultSecurityFilterChain - Creating filter chain: any request, [org.springframework.security.web.context.request.async.WebAsyncManagerIntegrationFilter@502a4156, org.springframework.security.web.context.SecurityContextPersistenceFilter@d16be4f, org.springframework.security.web.header.HeaderWriterFilter@40247d48, org.springframework.security.web.authentication.logout.LogoutFilter@1642eeae, org.springframework.security.web.savedrequest.RequestCacheAwareFilter@6bcb12e6, org.springframework.security.web.servletapi.SecurityContextHolderAwareRequestFilter@4f654cee, org.springframework.security.web.authentication.AnonymousAuthenticationFilter@5416f8db, org.springframework.security.web.session.SessionManagementFilter@67536ae0, org.springframework.security.web.access.ExceptionTranslationFilter@315105f]
2020-12-07 15:16:30.415 [INFO ] springfox.documentation.spring.web.PropertySourcedRequestMappingHandlerMapping - Mapped URL path [/v2/api-docs] onto method [springfox.documentation.swagger2.web.Swagger2Controller#getDocumentation(String, HttpServletRequest)]
2020-12-07 15:16:30.550 [INFO ] org.springframework.scheduling.concurrent.ThreadPoolTaskExecutor - Initializing ExecutorService 'applicationTaskExecutor'
2020-12-07 15:16:31.021 [INFO ] org.apache.coyote.http11.Http11NioProtocol - Starting ProtocolHandler ["http-nio-8082"]
2020-12-07 15:16:31.081 [INFO ] org.springframework.boot.web.embedded.tomcat.TomcatWebServer - Tomcat started on port(s): 8082 (http) with context path ''
2020-12-07 15:16:31.085 [INFO ] springfox.documentation.spring.web.plugins.DocumentationPluginsBootstrapper - Context refreshed
2020-12-07 15:16:31.159 [INFO ] springfox.documentation.spring.web.plugins.DocumentationPluginsBootstrapper - Found 1 custom documentation plugin(s)
2020-12-07 15:16:31.307 [INFO ] springfox.documentation.spring.web.scanners.ApiListingReferenceScanner - Scanning for api listing references
2020-12-07 15:16:31.987 [INFO ] com.forward.XinGuanApplication - Started XinGuanApplication in 6.07 seconds (JVM running for 7.338)
2020-12-07 15:17:07.511 [INFO ] org.apache.catalina.core.ContainerBase.[Tomcat].[localhost].[/] - Initializing Spring DispatcherServlet 'dispatcherServlet'
2020-12-07 15:19:35.360 [INFO ] com.zaxxer.hikari.HikariDataSource - HikariPool-1 - Starting...
2020-12-07 15:19:35.918 [INFO ] com.zaxxer.hikari.HikariDataSource - HikariPool-1 - Start completed.
2020-12-07 15:32:16.933 [INFO ] com.forward.XinGuanApplication - Starting XinGuanApplication on LAPTOP-FKDB9B57 with PID 10372 (D:\IntellijIDEA\WorkSpaces\SpringCloudCodes\Codes\xinguan-parent\xinguan-base-web\target\classes started by Acer in D:\IntellijIDEA\WorkSpaces\SpringCloudCodes\Codes\xinguan-parent)
2020-12-07 15:32:16.942 [INFO ] com.forward.XinGuanApplication - No active profile set, falling back to default profiles: default
2020-12-07 15:32:17.872 [INFO ] org.springframework.context.support.PostProcessorRegistrationDelegate$BeanPostProcessorChecker - Bean 'org.springframework.security.access.expression.method.DefaultMethodSecurityExpressionHandler@6e0cff20' of type [org.springframework.security.access.expression.method.DefaultMethodSecurityExpressionHandler] is not eligible for getting processed by all BeanPostProcessors (for example: not eligible for auto-proxying)
2020-12-07 15:32:17.876 [INFO ] org.springframework.context.support.PostProcessorRegistrationDelegate$BeanPostProcessorChecker - Bean 'methodSecurityMetadataSource' of type [org.springframework.security.access.method.DelegatingMethodSecurityMetadataSource] is not eligible for getting processed by all BeanPostProcessors (for example: not eligible for auto-proxying)
2020-12-07 15:32:18.105 [INFO ] org.springframework.boot.web.embedded.tomcat.TomcatWebServer - Tomcat initialized with port(s): 8082 (http)
2020-12-07 15:32:18.113 [INFO ] org.apache.coyote.http11.Http11NioProtocol - Initializing ProtocolHandler ["http-nio-8082"]
2020-12-07 15:32:18.113 [INFO ] org.apache.catalina.core.StandardService - Starting service [Tomcat]
2020-12-07 15:32:18.114 [INFO ] org.apache.catalina.core.StandardEngine - Starting Servlet engine: [Apache Tomcat/9.0.37]
2020-12-07 15:32:18.204 [INFO ] org.apache.catalina.core.ContainerBase.[Tomcat].[localhost].[/] - Initializing Spring embedded WebApplicationContext
2020-12-07 15:32:18.205 [INFO ] org.springframework.boot.web.servlet.context.ServletWebServerApplicationContext - Root WebApplicationContext: initialization completed in 1209 ms
2020-12-07 15:32:19.422 [INFO ] org.springframework.boot.autoconfigure.security.servlet.UserDetailsServiceAutoConfiguration - 

Using generated security password: 58bf00a6-9e72-4418-ac50-7d5d37ea8ca1

2020-12-07 15:32:19.487 [INFO ] org.springframework.security.web.DefaultSecurityFilterChain - Creating filter chain: any request, [org.springframework.security.web.context.request.async.WebAsyncManagerIntegrationFilter@696db620, org.springframework.security.web.context.SecurityContextPersistenceFilter@70025b99, org.springframework.security.web.header.HeaderWriterFilter@17b37e9a, org.springframework.security.web.authentication.logout.LogoutFilter@726934e2, org.springframework.security.web.savedrequest.RequestCacheAwareFilter@7134b8a7, org.springframework.security.web.servletapi.SecurityContextHolderAwareRequestFilter@3ba3d4b6, org.springframework.security.web.authentication.AnonymousAuthenticationFilter@6968c1d6, org.springframework.security.web.session.SessionManagementFilter@558b4942, org.springframework.security.web.access.ExceptionTranslationFilter@6413d7e7]
2020-12-07 15:32:19.506 [INFO ] springfox.documentation.spring.web.PropertySourcedRequestMappingHandlerMapping - Mapped URL path [/v2/api-docs] onto method [springfox.documentation.swagger2.web.Swagger2Controller#getDocumentation(String, HttpServletRequest)]
2020-12-07 15:32:19.587 [INFO ] org.springframework.scheduling.concurrent.ThreadPoolTaskExecutor - Initializing ExecutorService 'applicationTaskExecutor'
2020-12-07 15:32:19.773 [INFO ] org.apache.coyote.http11.Http11NioProtocol - Starting ProtocolHandler ["http-nio-8082"]
2020-12-07 15:32:19.791 [INFO ] org.springframework.boot.web.embedded.tomcat.TomcatWebServer - Tomcat started on port(s): 8082 (http) with context path ''
2020-12-07 15:32:19.792 [INFO ] springfox.documentation.spring.web.plugins.DocumentationPluginsBootstrapper - Context refreshed
2020-12-07 15:32:19.806 [INFO ] springfox.documentation.spring.web.plugins.DocumentationPluginsBootstrapper - Found 1 custom documentation plugin(s)
2020-12-07 15:32:19.837 [INFO ] springfox.documentation.spring.web.scanners.ApiListingReferenceScanner - Scanning for api listing references
2020-12-07 15:32:19.953 [INFO ] com.forward.XinGuanApplication - Started XinGuanApplication in 3.652 seconds (JVM running for 4.64)
2020-12-07 15:32:38.793 [INFO ] org.apache.catalina.core.ContainerBase.[Tomcat].[localhost].[/] - Initializing Spring DispatcherServlet 'dispatcherServlet'
2020-12-07 15:32:38.920 [INFO ] com.zaxxer.hikari.HikariDataSource - HikariPool-1 - Starting...
2020-12-07 15:32:39.373 [INFO ] com.zaxxer.hikari.HikariDataSource - HikariPool-1 - Start completed.
2020-12-07 15:32:39.525 [INFO ] com.forward.handler.MyMetaObjectHandler - start insert fill ....
2020-12-07 15:34:52.088 [INFO ] com.forward.XinGuanApplication - Starting XinGuanApplication on LAPTOP-FKDB9B57 with PID 16192 (D:\IntellijIDEA\WorkSpaces\SpringCloudCodes\Codes\xinguan-parent\xinguan-base-web\target\classes started by Acer in D:\IntellijIDEA\WorkSpaces\SpringCloudCodes\Codes\xinguan-parent)
2020-12-07 15:34:52.096 [INFO ] com.forward.XinGuanApplication - No active profile set, falling back to default profiles: default
2020-12-07 15:34:53.072 [INFO ] org.springframework.context.support.PostProcessorRegistrationDelegate$BeanPostProcessorChecker - Bean 'org.springframework.security.access.expression.method.DefaultMethodSecurityExpressionHandler@1549bba7' of type [org.springframework.security.access.expression.method.DefaultMethodSecurityExpressionHandler] is not eligible for getting processed by all BeanPostProcessors (for example: not eligible for auto-proxying)
2020-12-07 15:34:53.076 [INFO ] org.springframework.context.support.PostProcessorRegistrationDelegate$BeanPostProcessorChecker - Bean 'methodSecurityMetadataSource' of type [org.springframework.security.access.method.DelegatingMethodSecurityMetadataSource] is not eligible for getting processed by all BeanPostProcessors (for example: not eligible for auto-proxying)
2020-12-07 15:34:53.306 [INFO ] org.springframework.boot.web.embedded.tomcat.TomcatWebServer - Tomcat initialized with port(s): 8082 (http)
2020-12-07 15:34:53.315 [INFO ] org.apache.coyote.http11.Http11NioProtocol - Initializing ProtocolHandler ["http-nio-8082"]
2020-12-07 15:34:53.316 [INFO ] org.apache.catalina.core.StandardService - Starting service [Tomcat]
2020-12-07 15:34:53.316 [INFO ] org.apache.catalina.core.StandardEngine - Starting Servlet engine: [Apache Tomcat/9.0.37]
2020-12-07 15:34:53.401 [INFO ] org.apache.catalina.core.ContainerBase.[Tomcat].[localhost].[/] - Initializing Spring embedded WebApplicationContext
2020-12-07 15:34:53.402 [INFO ] org.springframework.boot.web.servlet.context.ServletWebServerApplicationContext - Root WebApplicationContext: initialization completed in 1236 ms
2020-12-07 15:34:54.553 [INFO ] org.springframework.boot.autoconfigure.security.servlet.UserDetailsServiceAutoConfiguration - 

Using generated security password: 3d039b59-bf93-4f26-94d8-d97a5da739d9

2020-12-07 15:34:54.616 [INFO ] org.springframework.security.web.DefaultSecurityFilterChain - Creating filter chain: any request, [org.springframework.security.web.context.request.async.WebAsyncManagerIntegrationFilter@3440e9cd, org.springframework.security.web.context.SecurityContextPersistenceFilter@1f939a0f, org.springframework.security.web.header.HeaderWriterFilter@5a545b0f, org.springframework.security.web.authentication.logout.LogoutFilter@51b77cdf, org.springframework.security.web.savedrequest.RequestCacheAwareFilter@430b2699, org.springframework.security.web.servletapi.SecurityContextHolderAwareRequestFilter@111d5c97, org.springframework.security.web.authentication.AnonymousAuthenticationFilter@28a9494b, org.springframework.security.web.session.SessionManagementFilter@14924f41, org.springframework.security.web.access.ExceptionTranslationFilter@b73433]
2020-12-07 15:34:54.634 [INFO ] springfox.documentation.spring.web.PropertySourcedRequestMappingHandlerMapping - Mapped URL path [/v2/api-docs] onto method [springfox.documentation.swagger2.web.Swagger2Controller#getDocumentation(String, HttpServletRequest)]
2020-12-07 15:34:54.718 [INFO ] org.springframework.scheduling.concurrent.ThreadPoolTaskExecutor - Initializing ExecutorService 'applicationTaskExecutor'
2020-12-07 15:34:54.907 [INFO ] org.apache.coyote.http11.Http11NioProtocol - Starting ProtocolHandler ["http-nio-8082"]
2020-12-07 15:34:54.926 [INFO ] org.springframework.boot.web.embedded.tomcat.TomcatWebServer - Tomcat started on port(s): 8082 (http) with context path ''
2020-12-07 15:34:54.928 [INFO ] springfox.documentation.spring.web.plugins.DocumentationPluginsBootstrapper - Context refreshed
2020-12-07 15:34:54.940 [INFO ] springfox.documentation.spring.web.plugins.DocumentationPluginsBootstrapper - Found 1 custom documentation plugin(s)
2020-12-07 15:34:54.973 [INFO ] org.apache.catalina.core.ContainerBase.[Tomcat].[localhost].[/] - Initializing Spring DispatcherServlet 'dispatcherServlet'
2020-12-07 15:34:54.974 [INFO ] springfox.documentation.spring.web.scanners.ApiListingReferenceScanner - Scanning for api listing references
2020-12-07 15:34:55.149 [INFO ] com.forward.XinGuanApplication - Started XinGuanApplication in 3.715 seconds (JVM running for 4.51)
2020-12-07 15:36:16.733 [INFO ] com.forward.XinGuanApplication - Starting XinGuanApplication on LAPTOP-FKDB9B57 with PID 15052 (D:\IntellijIDEA\WorkSpaces\SpringCloudCodes\Codes\xinguan-parent\xinguan-base-web\target\classes started by Acer in D:\IntellijIDEA\WorkSpaces\SpringCloudCodes\Codes\xinguan-parent)
2020-12-07 15:36:16.738 [INFO ] com.forward.XinGuanApplication - No active profile set, falling back to default profiles: default
2020-12-07 15:36:17.690 [INFO ] org.springframework.context.support.PostProcessorRegistrationDelegate$BeanPostProcessorChecker - Bean 'org.springframework.security.access.expression.method.DefaultMethodSecurityExpressionHandler@6e0cff20' of type [org.springframework.security.access.expression.method.DefaultMethodSecurityExpressionHandler] is not eligible for getting processed by all BeanPostProcessors (for example: not eligible for auto-proxying)
2020-12-07 15:36:17.694 [INFO ] org.springframework.context.support.PostProcessorRegistrationDelegate$BeanPostProcessorChecker - Bean 'methodSecurityMetadataSource' of type [org.springframework.security.access.method.DelegatingMethodSecurityMetadataSource] is not eligible for getting processed by all BeanPostProcessors (for example: not eligible for auto-proxying)
2020-12-07 15:36:17.895 [INFO ] org.springframework.boot.web.embedded.tomcat.TomcatWebServer - Tomcat initialized with port(s): 8082 (http)
2020-12-07 15:36:17.904 [INFO ] org.apache.coyote.http11.Http11NioProtocol - Initializing ProtocolHandler ["http-nio-8082"]
2020-12-07 15:36:17.904 [INFO ] org.apache.catalina.core.StandardService - Starting service [Tomcat]
2020-12-07 15:36:17.904 [INFO ] org.apache.catalina.core.StandardEngine - Starting Servlet engine: [Apache Tomcat/9.0.37]
2020-12-07 15:36:17.994 [INFO ] org.apache.catalina.core.ContainerBase.[Tomcat].[localhost].[/] - Initializing Spring embedded WebApplicationContext
2020-12-07 15:36:17.995 [INFO ] org.springframework.boot.web.servlet.context.ServletWebServerApplicationContext - Root WebApplicationContext: initialization completed in 1196 ms
2020-12-07 15:36:19.099 [INFO ] org.springframework.boot.autoconfigure.security.servlet.UserDetailsServiceAutoConfiguration - 

Using generated security password: f1d2f571-048a-4605-8317-69e6d803e52d

2020-12-07 15:36:19.158 [INFO ] org.springframework.security.web.DefaultSecurityFilterChain - Creating filter chain: any request, [org.springframework.security.web.context.request.async.WebAsyncManagerIntegrationFilter@696db620, org.springframework.security.web.context.SecurityContextPersistenceFilter@70025b99, org.springframework.security.web.header.HeaderWriterFilter@17b37e9a, org.springframework.security.web.authentication.logout.LogoutFilter@726934e2, org.springframework.security.web.savedrequest.RequestCacheAwareFilter@7134b8a7, org.springframework.security.web.servletapi.SecurityContextHolderAwareRequestFilter@3ba3d4b6, org.springframework.security.web.authentication.AnonymousAuthenticationFilter@6968c1d6, org.springframework.security.web.session.SessionManagementFilter@558b4942, org.springframework.security.web.access.ExceptionTranslationFilter@6413d7e7]
2020-12-07 15:36:19.175 [INFO ] springfox.documentation.spring.web.PropertySourcedRequestMappingHandlerMapping - Mapped URL path [/v2/api-docs] onto method [springfox.documentation.swagger2.web.Swagger2Controller#getDocumentation(String, HttpServletRequest)]
2020-12-07 15:36:19.253 [INFO ] org.springframework.scheduling.concurrent.ThreadPoolTaskExecutor - Initializing ExecutorService 'applicationTaskExecutor'
2020-12-07 15:36:19.431 [INFO ] org.apache.coyote.http11.Http11NioProtocol - Starting ProtocolHandler ["http-nio-8082"]
2020-12-07 15:36:19.448 [INFO ] org.springframework.boot.web.embedded.tomcat.TomcatWebServer - Tomcat started on port(s): 8082 (http) with context path ''
2020-12-07 15:36:19.449 [INFO ] springfox.documentation.spring.web.plugins.DocumentationPluginsBootstrapper - Context refreshed
2020-12-07 15:36:19.459 [INFO ] springfox.documentation.spring.web.plugins.DocumentationPluginsBootstrapper - Found 1 custom documentation plugin(s)
2020-12-07 15:36:19.485 [INFO ] springfox.documentation.spring.web.scanners.ApiListingReferenceScanner - Scanning for api listing references
2020-12-07 15:36:19.595 [INFO ] com.forward.XinGuanApplication - Started XinGuanApplication in 3.47 seconds (JVM running for 4.256)
2020-12-07 15:36:57.334 [INFO ] org.apache.catalina.core.ContainerBase.[Tomcat].[localhost].[/] - Initializing Spring DispatcherServlet 'dispatcherServlet'
2020-12-07 15:36:57.464 [INFO ] com.zaxxer.hikari.HikariDataSource - HikariPool-1 - Starting...
2020-12-07 15:36:57.904 [INFO ] com.zaxxer.hikari.HikariDataSource - HikariPool-1 - Start completed.
2020-12-07 15:36:58.050 [INFO ] com.forward.handler.MyMetaObjectHandler - start insert fill ....
